ERROR - 2025-06-05 14:46:50 --> Error connecting to the database: mysqli_sql_exception: Unknown database 'apotik' in C:\xampp\htdocs\end_of_begining_nasi\apotiknew\system\Database\MySQLi\Connection.php:201
Stack trace:
#0 C:\xampp\htdocs\end_of_begining_nasi\apotiknew\system\Database\MySQLi\Connection.php(201): mysqli->real_connect('localhost', 'root', Object(SensitiveParameterValue), 'apotik', 3306, '', 0)
#1 C:\xampp\htdocs\end_of_begining_nasi\apotiknew\system\Database\BaseConnection.php(421): CodeIgniter\Database\MySQLi\Connection->connect(false)
#2 C:\xampp\htdocs\end_of_begining_nasi\apotiknew\system\Database\BaseConnection.php(620): CodeIgniter\Database\BaseConnection->initialize()
#3 C:\xampp\htdocs\end_of_begining_nasi\apotiknew\system\Database\BaseConnection.php(1525): CodeIgniter\Database\BaseConnection->query('SHOW TABLES FRO...')
#4 C:\xampp\htdocs\end_of_begining_nasi\apotiknew\system\Database\BaseConnection.php(1545): CodeIgniter\Database\BaseConnection->listTables()
#5 C:\xampp\htdocs\end_of_begining_nasi\apotiknew\system\Database\MigrationRunner.php(758): CodeIgniter\Database\BaseConnection->tableExists('migrations')
#6 C:\xampp\htdocs\end_of_begining_nasi\apotiknew\system\Database\MigrationRunner.php(162): CodeIgniter\Database\MigrationRunner->ensureTable()
#7 C:\xampp\htdocs\end_of_begining_nasi\apotiknew\system\Commands\Database\Migrate.php(85): CodeIgniter\Database\MigrationRunner->latest(NULL)
#8 C:\xampp\htdocs\end_of_begining_nasi\apotiknew\system\CLI\Commands.php(70): CodeIgniter\Commands\Database\Migrate->run(Array)
#9 C:\xampp\htdocs\end_of_begining_nasi\apotiknew\system\CLI\Console.php(48): CodeIgniter\CLI\Commands->run('migrate', Array)
#10 C:\xampp\htdocs\end_of_begining_nasi\apotiknew\system\Boot.php(360): CodeIgniter\CLI\Console->run()
#11 C:\xampp\htdocs\end_of_begining_nasi\apotiknew\system\Boot.php(104): CodeIgniter\Boot::runCommand(Object(CodeIgniter\CLI\Console))
#12 C:\xampp\htdocs\end_of_begining_nasi\apotiknew\spark(84): CodeIgniter\Boot::bootSpark(Object(Config\Paths))
#13 {main}

Next CodeIgniter\Database\Exceptions\DatabaseException: Unknown database 'apotik' in C:\xampp\htdocs\end_of_begining_nasi\apotiknew\system\Database\MySQLi\Connection.php:246
Stack trace:
#0 C:\xampp\htdocs\end_of_begining_nasi\apotiknew\system\Database\BaseConnection.php(421): CodeIgniter\Database\MySQLi\Connection->connect(false)
#1 C:\xampp\htdocs\end_of_begining_nasi\apotiknew\system\Database\BaseConnection.php(620): CodeIgniter\Database\BaseConnection->initialize()
#2 C:\xampp\htdocs\end_of_begining_nasi\apotiknew\system\Database\BaseConnection.php(1525): CodeIgniter\Database\BaseConnection->query('SHOW TABLES FRO...')
#3 C:\xampp\htdocs\end_of_begining_nasi\apotiknew\system\Database\BaseConnection.php(1545): CodeIgniter\Database\BaseConnection->listTables()
#4 C:\xampp\htdocs\end_of_begining_nasi\apotiknew\system\Database\MigrationRunner.php(758): CodeIgniter\Database\BaseConnection->tableExists('migrations')
#5 C:\xampp\htdocs\end_of_begining_nasi\apotiknew\system\Database\MigrationRunner.php(162): CodeIgniter\Database\MigrationRunner->ensureTable()
#6 C:\xampp\htdocs\end_of_begining_nasi\apotiknew\system\Commands\Database\Migrate.php(85): CodeIgniter\Database\MigrationRunner->latest(NULL)
#7 C:\xampp\htdocs\end_of_begining_nasi\apotiknew\system\CLI\Commands.php(70): CodeIgniter\Commands\Database\Migrate->run(Array)
#8 C:\xampp\htdocs\end_of_begining_nasi\apotiknew\system\CLI\Console.php(48): CodeIgniter\CLI\Commands->run('migrate', Array)
#9 C:\xampp\htdocs\end_of_begining_nasi\apotiknew\system\Boot.php(360): CodeIgniter\CLI\Console->run()
#10 C:\xampp\htdocs\end_of_begining_nasi\apotiknew\system\Boot.php(104): CodeIgniter\Boot::runCommand(Object(CodeIgniter\CLI\Console))
#11 C:\xampp\htdocs\end_of_begining_nasi\apotiknew\spark(84): CodeIgniter\Boot::bootSpark(Object(Config\Paths))
#12 {main}
DEBUG - 2025-06-05 14:48:05 --> Session: Class initialized using 'CodeIgniter\Session\Handlers\FileHandler' driver.
DEBUG - 2025-06-05 14:48:08 --> Session: Class initialized using 'CodeIgniter\Session\Handlers\FileHandler' driver.
INFO - 2025-06-05 14:48:25 --> CSRF token verified.
DEBUG - 2025-06-05 14:48:25 --> Session: Class initialized using 'CodeIgniter\Session\Handlers\FileHandler' driver.
DEBUG - 2025-06-05 14:48:26 --> Session: Class initialized using 'CodeIgniter\Session\Handlers\FileHandler' driver.
INFO - 2025-06-05 14:48:37 --> CSRF token verified.
DEBUG - 2025-06-05 14:48:37 --> Session: Class initialized using 'CodeIgniter\Session\Handlers\FileHandler' driver.
DEBUG - 2025-06-05 14:48:37 --> Session: Class initialized using 'CodeIgniter\Session\Handlers\FileHandler' driver.
DEBUG - 2025-06-05 14:48:40 --> Session: Class initialized using 'CodeIgniter\Session\Handlers\FileHandler' driver.
DEBUG - 2025-06-05 14:48:42 --> Session: Class initialized using 'CodeIgniter\Session\Handlers\FileHandler' driver.
INFO - 2025-06-05 14:48:56 --> CSRF token verified.
DEBUG - 2025-06-05 14:48:56 --> Session: Class initialized using 'CodeIgniter\Session\Handlers\FileHandler' driver.
DEBUG - 2025-06-05 14:48:57 --> Session: Class initialized using 'CodeIgniter\Session\Handlers\FileHandler' driver.
DEBUG - 2025-06-05 14:48:59 --> Session: Class initialized using 'CodeIgniter\Session\Handlers\FileHandler' driver.
INFO - 2025-06-05 14:49:04 --> CSRF token verified.
DEBUG - 2025-06-05 14:49:04 --> Session: Class initialized using 'CodeIgniter\Session\Handlers\FileHandler' driver.
DEBUG - 2025-06-05 14:49:05 --> Session: Class initialized using 'CodeIgniter\Session\Handlers\FileHandler' driver.
DEBUG - 2025-06-05 14:49:16 --> Session: Class initialized using 'CodeIgniter\Session\Handlers\FileHandler' driver.
DEBUG - 2025-06-05 14:49:17 --> Session: Class initialized using 'CodeIgniter\Session\Handlers\FileHandler' driver.
INFO - 2025-06-05 14:49:46 --> CSRF token verified.
DEBUG - 2025-06-05 14:49:46 --> Session: Class initialized using 'CodeIgniter\Session\Handlers\FileHandler' driver.
DEBUG - 2025-06-05 14:49:47 --> Session: Class initialized using 'CodeIgniter\Session\Handlers\FileHandler' driver.
DEBUG - 2025-06-05 14:49:50 --> Session: Class initialized using 'CodeIgniter\Session\Handlers\FileHandler' driver.
DEBUG - 2025-06-05 14:49:53 --> Session: Class initialized using 'CodeIgniter\Session\Handlers\FileHandler' driver.
INFO - 2025-06-05 14:49:57 --> CSRF token verified.
DEBUG - 2025-06-05 14:49:57 --> Session: Class initialized using 'CodeIgniter\Session\Handlers\FileHandler' driver.
DEBUG - 2025-06-05 14:49:57 --> RFID yang diterima: 0003041901
DEBUG - 2025-06-05 14:49:57 --> Data User: {"iduser":"2","id_kartu_rfid":"0003041901","nama":"Sinta","email":"sinta@sinamedika.com","password":"07142c5501c3ea09303d899012e2b47d","role":"karyawan","status":"aktif","gender":"perempuan","id_jadwal_shift":"1"}
DEBUG - 2025-06-05 14:49:57 --> Jadwal Shift Data: {"id_jadwal_shift":"1","dari_tanggal":"2025-06-02","sampai_tanggal":"2025-06-30","shift_mulai":"21:52:00","shift_selesai":"22:00:00","jenis_shift":"siang"}
DEBUG - 2025-06-05 14:50:57 --> Session: Class initialized using 'CodeIgniter\Session\Handlers\FileHandler' driver.
DEBUG - 2025-06-05 14:51:38 --> Session: Class initialized using 'CodeIgniter\Session\Handlers\FileHandler' driver.
INFO - 2025-06-05 14:51:46 --> CSRF token verified.
DEBUG - 2025-06-05 14:51:46 --> Session: Class initialized using 'CodeIgniter\Session\Handlers\FileHandler' driver.
DEBUG - 2025-06-05 14:51:46 --> RFID yang diterima: 0003041901
DEBUG - 2025-06-05 14:51:46 --> Data User: {"iduser":"2","id_kartu_rfid":"0003041901","nama":"Sinta","email":"sinta@sinamedika.com","password":"07142c5501c3ea09303d899012e2b47d","role":"karyawan","status":"aktif","gender":"perempuan","id_jadwal_shift":"1"}
DEBUG - 2025-06-05 14:51:46 --> Jadwal Shift Data: {"id_jadwal_shift":"1","dari_tanggal":"2025-06-02","sampai_tanggal":"2025-06-30","shift_mulai":"21:52:00","shift_selesai":"22:00:00","jenis_shift":"siang"}
DEBUG - 2025-06-05 14:51:46 --> Parameter hitungPersentase: {"shiftMulai":"21:52:00","shiftSelesai":"22:00:00","jamMasuk":"14:49:57","jamPulang":"14:51:46"}
DEBUG - 2025-06-05 14:51:49 --> Session: Class initialized using 'CodeIgniter\Session\Handlers\FileHandler' driver.
DEBUG - 2025-06-05 14:52:07 --> Session: Class initialized using 'CodeIgniter\Session\Handlers\FileHandler' driver.
DEBUG - 2025-06-05 14:52:08 --> Session: Class initialized using 'CodeIgniter\Session\Handlers\FileHandler' driver.
DEBUG - 2025-06-05 21:53:53 --> Session: Class initialized using 'CodeIgniter\Session\Handlers\FileHandler' driver.
DEBUG - 2025-06-05 21:54:05 --> Session: Class initialized using 'CodeIgniter\Session\Handlers\FileHandler' driver.
INFO - 2025-06-05 21:54:11 --> CSRF token verified.
DEBUG - 2025-06-05 21:54:11 --> Session: Class initialized using 'CodeIgniter\Session\Handlers\FileHandler' driver.
DEBUG - 2025-06-05 21:54:11 --> RFID yang diterima: 0003041901
DEBUG - 2025-06-05 21:54:11 --> Data User: {"iduser":"2","id_kartu_rfid":"0003041901","nama":"Sinta","email":"sinta@sinamedika.com","password":"07142c5501c3ea09303d899012e2b47d","role":"karyawan","status":"aktif","gender":"perempuan","id_jadwal_shift":"1"}
DEBUG - 2025-06-05 21:54:11 --> Jadwal Shift Data: {"id_jadwal_shift":"1","dari_tanggal":"2025-06-02","sampai_tanggal":"2025-06-30","shift_mulai":"21:52:00","shift_selesai":"22:00:00","jenis_shift":"siang"}
DEBUG - 2025-06-05 21:54:11 --> Parameter hitungPersentase: {"shiftMulai":"21:52:00","shiftSelesai":"22:00:00","jamMasuk":"14:49:57","jamPulang":"21:54:11"}
DEBUG - 2025-06-05 21:54:14 --> Session: Class initialized using 'CodeIgniter\Session\Handlers\FileHandler' driver.
DEBUG - 2025-06-05 21:54:59 --> Session: Class initialized using 'CodeIgniter\Session\Handlers\FileHandler' driver.
DEBUG - 2025-06-05 21:57:15 --> Session: Class initialized using 'CodeIgniter\Session\Handlers\FileHandler' driver.
DEBUG - 2025-06-05 21:57:35 --> Session: Class initialized using 'CodeIgniter\Session\Handlers\FileHandler' driver.
DEBUG - 2025-06-05 21:57:38 --> Session: Class initialized using 'CodeIgniter\Session\Handlers\FileHandler' driver.
DEBUG - 2025-06-05 21:57:41 --> Session: Class initialized using 'CodeIgniter\Session\Handlers\FileHandler' driver.
INFO - 2025-06-05 21:57:54 --> CSRF token verified.
DEBUG - 2025-06-05 21:57:54 --> Session: Class initialized using 'CodeIgniter\Session\Handlers\FileHandler' driver.
DEBUG - 2025-06-05 21:57:54 --> Session: Class initialized using 'CodeIgniter\Session\Handlers\FileHandler' driver.
DEBUG - 2025-06-05 21:57:57 --> Session: Class initialized using 'CodeIgniter\Session\Handlers\FileHandler' driver.
DEBUG - 2025-06-05 21:58:01 --> Session: Class initialized using 'CodeIgniter\Session\Handlers\FileHandler' driver.
INFO - 2025-06-05 21:58:05 --> CSRF token verified.
DEBUG - 2025-06-05 21:58:05 --> Session: Class initialized using 'CodeIgniter\Session\Handlers\FileHandler' driver.
DEBUG - 2025-06-05 21:58:05 --> RFID yang diterima: 0003041901
DEBUG - 2025-06-05 21:58:05 --> Data User: {"iduser":"2","id_kartu_rfid":"0003041901","nama":"Sinta","email":"sinta@sinamedika.com","password":"07142c5501c3ea09303d899012e2b47d","role":"karyawan","status":"aktif","gender":"perempuan","id_jadwal_shift":"1"}
DEBUG - 2025-06-05 21:58:05 --> Jadwal Shift Data: {"id_jadwal_shift":"1","dari_tanggal":"2025-06-02","sampai_tanggal":"2025-06-30","shift_mulai":"21:58:00","shift_selesai":"22:00:00","jenis_shift":"siang"}
DEBUG - 2025-06-05 21:58:09 --> Session: Class initialized using 'CodeIgniter\Session\Handlers\FileHandler' driver.
DEBUG - 2025-06-05 21:58:25 --> Session: Class initialized using 'CodeIgniter\Session\Handlers\FileHandler' driver.
DEBUG - 2025-06-05 21:58:27 --> Session: Class initialized using 'CodeIgniter\Session\Handlers\FileHandler' driver.
DEBUG - 2025-06-05 21:59:17 --> Session: Class initialized using 'CodeIgniter\Session\Handlers\FileHandler' driver.
INFO - 2025-06-05 21:59:22 --> CSRF token verified.
DEBUG - 2025-06-05 21:59:22 --> Session: Class initialized using 'CodeIgniter\Session\Handlers\FileHandler' driver.
DEBUG - 2025-06-05 21:59:22 --> RFID yang diterima: 0003041901
DEBUG - 2025-06-05 21:59:22 --> Data User: {"iduser":"2","id_kartu_rfid":"0003041901","nama":"Sinta","email":"sinta@sinamedika.com","password":"07142c5501c3ea09303d899012e2b47d","role":"karyawan","status":"aktif","gender":"perempuan","id_jadwal_shift":"1"}
DEBUG - 2025-06-05 21:59:22 --> Jadwal Shift Data: {"id_jadwal_shift":"1","dari_tanggal":"2025-06-02","sampai_tanggal":"2025-06-30","shift_mulai":"21:58:00","shift_selesai":"22:00:00","jenis_shift":"siang"}
DEBUG - 2025-06-05 21:59:25 --> Session: Class initialized using 'CodeIgniter\Session\Handlers\FileHandler' driver.
DEBUG - 2025-06-05 22:00:32 --> Session: Class initialized using 'CodeIgniter\Session\Handlers\FileHandler' driver.
DEBUG - 2025-06-05 22:00:50 --> Session: Class initialized using 'CodeIgniter\Session\Handlers\FileHandler' driver.
DEBUG - 2025-06-05 22:00:51 --> Session: Class initialized using 'CodeIgniter\Session\Handlers\FileHandler' driver.
INFO - 2025-06-05 22:00:54 --> CSRF token verified.
DEBUG - 2025-06-05 22:00:54 --> Session: Class initialized using 'CodeIgniter\Session\Handlers\FileHandler' driver.
DEBUG - 2025-06-05 22:00:54 --> RFID yang diterima: 0003041901
DEBUG - 2025-06-05 22:00:54 --> Data User: {"iduser":"2","id_kartu_rfid":"0003041901","nama":"Sinta","email":"sinta@sinamedika.com","password":"07142c5501c3ea09303d899012e2b47d","role":"karyawan","status":"aktif","gender":"perempuan","id_jadwal_shift":"1"}
DEBUG - 2025-06-05 22:00:54 --> Jadwal Shift Data: {"id_jadwal_shift":"1","dari_tanggal":"2025-06-02","sampai_tanggal":"2025-06-30","shift_mulai":"21:58:00","shift_selesai":"22:00:00","jenis_shift":"siang"}
CRITICAL - 2025-06-05 22:00:57 --> CodeIgniter\Security\Exceptions\SecurityException: The action you requested is not allowed.
[Method: POST, Route: presensi/scan-rfid]
in SYSTEMPATH\Security\Security.php on line 262.
 1 SYSTEMPATH\Security\Security.php(262): CodeIgniter\Security\Exceptions\SecurityException::forDisallowedAction()
 2 SYSTEMPATH\Filters\CSRF.php(52): CodeIgniter\Security\Security->verify(Object(CodeIgniter\HTTP\IncomingRequest))
 3 SYSTEMPATH\Filters\Filters.php(241): CodeIgniter\Filters\CSRF->before(Object(CodeIgniter\HTTP\IncomingRequest), null)
 4 SYSTEMPATH\Filters\Filters.php(221): CodeIgniter\Filters\Filters->runBefore([...])
 5 SYSTEMPATH\CodeIgniter.php(479): CodeIgniter\Filters\Filters->run('presensi/scan-rfid', 'before')
 6 SYSTEMPATH\CodeIgniter.php(354): CodeIgniter\CodeIgniter->handleRequest(null, Object(Config\Cache), false)
 7 SYSTEMPATH\Boot.php(334): CodeIgniter\CodeIgniter->run()
 8 SYSTEMPATH\Boot.php(67): CodeIgniter\Boot::runCodeIgniter(Object(CodeIgniter\CodeIgniter))
 9 FCPATH\index.php(56): CodeIgniter\Boot::bootWeb(Object(Config\Paths))
10 SYSTEMPATH\rewrite.php(44): require_once('C:\\xampp\\htdocs\\end_of_begining_nasi\\apotiknew\\public\\index.php')
DEBUG - 2025-06-05 22:01:00 --> Session: Class initialized using 'CodeIgniter\Session\Handlers\FileHandler' driver.
DEBUG - 2025-06-05 22:02:50 --> Session: Class initialized using 'CodeIgniter\Session\Handlers\FileHandler' driver.
DEBUG - 2025-06-05 22:03:04 --> Session: Class initialized using 'CodeIgniter\Session\Handlers\FileHandler' driver.
DEBUG - 2025-06-05 22:03:07 --> Session: Class initialized using 'CodeIgniter\Session\Handlers\FileHandler' driver.
INFO - 2025-06-05 22:03:20 --> CSRF token verified.
DEBUG - 2025-06-05 22:03:20 --> Session: Class initialized using 'CodeIgniter\Session\Handlers\FileHandler' driver.
DEBUG - 2025-06-05 22:03:21 --> Session: Class initialized using 'CodeIgniter\Session\Handlers\FileHandler' driver.
DEBUG - 2025-06-05 22:03:25 --> Session: Class initialized using 'CodeIgniter\Session\Handlers\FileHandler' driver.
DEBUG - 2025-06-05 22:03:27 --> Session: Class initialized using 'CodeIgniter\Session\Handlers\FileHandler' driver.
INFO - 2025-06-05 22:04:01 --> CSRF token verified.
DEBUG - 2025-06-05 22:04:01 --> Session: Class initialized using 'CodeIgniter\Session\Handlers\FileHandler' driver.
DEBUG - 2025-06-05 22:04:01 --> RFID yang diterima: 0003041901
DEBUG - 2025-06-05 22:04:01 --> Data User: {"iduser":"2","id_kartu_rfid":"0003041901","nama":"Sinta","email":"sinta@sinamedika.com","password":"07142c5501c3ea09303d899012e2b47d","role":"karyawan","status":"aktif","gender":"perempuan","id_jadwal_shift":"1"}
DEBUG - 2025-06-05 22:04:01 --> Jadwal Shift Data: {"id_jadwal_shift":"1","dari_tanggal":"2025-06-02","sampai_tanggal":"2025-06-30","shift_mulai":"22:04:00","shift_selesai":"22:05:00","jenis_shift":"siang"}
DEBUG - 2025-06-05 22:04:10 --> Session: Class initialized using 'CodeIgniter\Session\Handlers\FileHandler' driver.
DEBUG - 2025-06-05 22:04:33 --> Session: Class initialized using 'CodeIgniter\Session\Handlers\FileHandler' driver.
INFO - 2025-06-05 22:05:02 --> CSRF token verified.
DEBUG - 2025-06-05 22:05:02 --> Session: Class initialized using 'CodeIgniter\Session\Handlers\FileHandler' driver.
DEBUG - 2025-06-05 22:05:02 --> RFID yang diterima: 0003041901
DEBUG - 2025-06-05 22:05:02 --> Data User: {"iduser":"2","id_kartu_rfid":"0003041901","nama":"Sinta","email":"sinta@sinamedika.com","password":"07142c5501c3ea09303d899012e2b47d","role":"karyawan","status":"aktif","gender":"perempuan","id_jadwal_shift":"1"}
DEBUG - 2025-06-05 22:05:02 --> Jadwal Shift Data: {"id_jadwal_shift":"1","dari_tanggal":"2025-06-02","sampai_tanggal":"2025-06-30","shift_mulai":"22:04:00","shift_selesai":"22:05:00","jenis_shift":"siang"}
DEBUG - 2025-06-05 22:05:06 --> Session: Class initialized using 'CodeIgniter\Session\Handlers\FileHandler' driver.
DEBUG - 2025-06-05 22:07:58 --> Session: Class initialized using 'CodeIgniter\Session\Handlers\FileHandler' driver.
DEBUG - 2025-06-05 22:08:15 --> Session: Class initialized using 'CodeIgniter\Session\Handlers\FileHandler' driver.
DEBUG - 2025-06-05 22:08:16 --> Session: Class initialized using 'CodeIgniter\Session\Handlers\FileHandler' driver.
DEBUG - 2025-06-05 22:08:18 --> Session: Class initialized using 'CodeIgniter\Session\Handlers\FileHandler' driver.
INFO - 2025-06-05 22:08:29 --> CSRF token verified.
DEBUG - 2025-06-05 22:08:29 --> Session: Class initialized using 'CodeIgniter\Session\Handlers\FileHandler' driver.
DEBUG - 2025-06-05 22:08:29 --> Session: Class initialized using 'CodeIgniter\Session\Handlers\FileHandler' driver.
DEBUG - 2025-06-05 22:08:32 --> Session: Class initialized using 'CodeIgniter\Session\Handlers\FileHandler' driver.
DEBUG - 2025-06-05 22:08:37 --> Session: Class initialized using 'CodeIgniter\Session\Handlers\FileHandler' driver.
INFO - 2025-06-05 22:08:41 --> CSRF token verified.
DEBUG - 2025-06-05 22:08:41 --> Session: Class initialized using 'CodeIgniter\Session\Handlers\FileHandler' driver.
DEBUG - 2025-06-05 22:08:41 --> RFID yang diterima: 0003041901
DEBUG - 2025-06-05 22:08:41 --> Data User: {"iduser":"2","id_kartu_rfid":"0003041901","nama":"Sinta","email":"sinta@sinamedika.com","password":"07142c5501c3ea09303d899012e2b47d","role":"karyawan","status":"aktif","gender":"perempuan","id_jadwal_shift":"1"}
DEBUG - 2025-06-05 22:08:41 --> Jadwal Shift Data: {"id_jadwal_shift":"1","dari_tanggal":"2025-06-02","sampai_tanggal":"2025-06-30","shift_mulai":"22:09:00","shift_selesai":"22:10:00","jenis_shift":"siang"}
DEBUG - 2025-06-05 22:08:44 --> Session: Class initialized using 'CodeIgniter\Session\Handlers\FileHandler' driver.
DEBUG - 2025-06-05 22:09:41 --> Session: Class initialized using 'CodeIgniter\Session\Handlers\FileHandler' driver.
INFO - 2025-06-05 22:10:03 --> CSRF token verified.
DEBUG - 2025-06-05 22:10:03 --> Session: Class initialized using 'CodeIgniter\Session\Handlers\FileHandler' driver.
DEBUG - 2025-06-05 22:10:03 --> RFID yang diterima: 0003041901
DEBUG - 2025-06-05 22:10:03 --> Data User: {"iduser":"2","id_kartu_rfid":"0003041901","nama":"Sinta","email":"sinta@sinamedika.com","password":"07142c5501c3ea09303d899012e2b47d","role":"karyawan","status":"aktif","gender":"perempuan","id_jadwal_shift":"1"}
DEBUG - 2025-06-05 22:10:03 --> Jadwal Shift Data: {"id_jadwal_shift":"1","dari_tanggal":"2025-06-02","sampai_tanggal":"2025-06-30","shift_mulai":"22:09:00","shift_selesai":"22:10:00","jenis_shift":"siang"}
DEBUG - 2025-06-05 22:10:04 --> Session: Class initialized using 'CodeIgniter\Session\Handlers\FileHandler' driver.
DEBUG - 2025-06-05 22:10:35 --> Session: Class initialized using 'CodeIgniter\Session\Handlers\FileHandler' driver.
DEBUG - 2025-06-05 22:10:36 --> Session: Class initialized using 'CodeIgniter\Session\Handlers\FileHandler' driver.
DEBUG - 2025-06-05 22:10:39 --> Session: Class initialized using 'CodeIgniter\Session\Handlers\FileHandler' driver.
DEBUG - 2025-06-05 22:16:48 --> Session: Class initialized using 'CodeIgniter\Session\Handlers\FileHandler' driver.
DEBUG - 2025-06-05 22:16:49 --> Session: Class initialized using 'CodeIgniter\Session\Handlers\FileHandler' driver.
DEBUG - 2025-06-05 22:16:57 --> Session: Class initialized using 'CodeIgniter\Session\Handlers\FileHandler' driver.
DEBUG - 2025-06-05 22:16:59 --> Session: Class initialized using 'CodeIgniter\Session\Handlers\FileHandler' driver.
INFO - 2025-06-05 22:17:07 --> CSRF token verified.
DEBUG - 2025-06-05 22:17:07 --> Session: Class initialized using 'CodeIgniter\Session\Handlers\FileHandler' driver.
DEBUG - 2025-06-05 22:17:08 --> Session: Class initialized using 'CodeIgniter\Session\Handlers\FileHandler' driver.
DEBUG - 2025-06-05 22:17:10 --> Session: Class initialized using 'CodeIgniter\Session\Handlers\FileHandler' driver.
DEBUG - 2025-06-05 22:17:12 --> Session: Class initialized using 'CodeIgniter\Session\Handlers\FileHandler' driver.
INFO - 2025-06-05 22:17:37 --> CSRF token verified.
DEBUG - 2025-06-05 22:17:37 --> Session: Class initialized using 'CodeIgniter\Session\Handlers\FileHandler' driver.
DEBUG - 2025-06-05 22:17:37 --> RFID yang diterima: 0003041901
DEBUG - 2025-06-05 22:17:37 --> Data User: {"iduser":"2","id_kartu_rfid":"0003041901","nama":"Sinta","email":"sinta@sinamedika.com","password":"07142c5501c3ea09303d899012e2b47d","role":"karyawan","status":"aktif","gender":"perempuan","id_jadwal_shift":"1"}
DEBUG - 2025-06-05 22:17:37 --> Jadwal Shift Data: {"id_jadwal_shift":"1","dari_tanggal":"2025-06-02","sampai_tanggal":"2025-06-30","shift_mulai":"22:18:00","shift_selesai":"22:20:00","jenis_shift":"siang"}
DEBUG - 2025-06-05 22:17:39 --> Session: Class initialized using 'CodeIgniter\Session\Handlers\FileHandler' driver.
DEBUG - 2025-06-05 22:19:52 --> Session: Class initialized using 'CodeIgniter\Session\Handlers\FileHandler' driver.
DEBUG - 2025-06-05 22:20:08 --> Session: Class initialized using 'CodeIgniter\Session\Handlers\FileHandler' driver.
DEBUG - 2025-06-05 22:20:10 --> Session: Class initialized using 'CodeIgniter\Session\Handlers\FileHandler' driver.
INFO - 2025-06-05 22:20:14 --> CSRF token verified.
DEBUG - 2025-06-05 22:20:14 --> Session: Class initialized using 'CodeIgniter\Session\Handlers\FileHandler' driver.
DEBUG - 2025-06-05 22:20:14 --> RFID yang diterima: 0003041901
DEBUG - 2025-06-05 22:20:14 --> Data User: {"iduser":"2","id_kartu_rfid":"0003041901","nama":"Sinta","email":"sinta@sinamedika.com","password":"07142c5501c3ea09303d899012e2b47d","role":"karyawan","status":"aktif","gender":"perempuan","id_jadwal_shift":"1"}
DEBUG - 2025-06-05 22:20:14 --> Jadwal Shift Data: {"id_jadwal_shift":"1","dari_tanggal":"2025-06-02","sampai_tanggal":"2025-06-30","shift_mulai":"22:18:00","shift_selesai":"22:20:00","jenis_shift":"siang"}
DEBUG - 2025-06-05 22:20:16 --> Session: Class initialized using 'CodeIgniter\Session\Handlers\FileHandler' driver.
DEBUG - 2025-06-05 22:20:45 --> Session: Class initialized using 'CodeIgniter\Session\Handlers\FileHandler' driver.
DEBUG - 2025-06-05 22:21:06 --> Session: Class initialized using 'CodeIgniter\Session\Handlers\FileHandler' driver.
INFO - 2025-06-05 22:21:27 --> CSRF token verified.
DEBUG - 2025-06-05 22:21:27 --> Session: Class initialized using 'CodeIgniter\Session\Handlers\FileHandler' driver.
DEBUG - 2025-06-05 22:21:28 --> Session: Class initialized using 'CodeIgniter\Session\Handlers\FileHandler' driver.
DEBUG - 2025-06-05 22:21:30 --> Session: Class initialized using 'CodeIgniter\Session\Handlers\FileHandler' driver.
DEBUG - 2025-06-05 22:21:34 --> Session: Class initialized using 'CodeIgniter\Session\Handlers\FileHandler' driver.
INFO - 2025-06-05 22:21:39 --> CSRF token verified.
DEBUG - 2025-06-05 22:21:39 --> Session: Class initialized using 'CodeIgniter\Session\Handlers\FileHandler' driver.
DEBUG - 2025-06-05 22:21:39 --> RFID yang diterima: 0003041901
DEBUG - 2025-06-05 22:21:39 --> Data User: {"iduser":"2","id_kartu_rfid":"0003041901","nama":"Sinta","email":"sinta@sinamedika.com","password":"07142c5501c3ea09303d899012e2b47d","role":"karyawan","status":"aktif","gender":"perempuan","id_jadwal_shift":"1"}
DEBUG - 2025-06-05 22:21:39 --> Jadwal Shift Data: {"id_jadwal_shift":"1","dari_tanggal":"2025-06-02","sampai_tanggal":"2025-06-30","shift_mulai":"22:22:00","shift_selesai":"22:23:00","jenis_shift":"siang"}
DEBUG - 2025-06-05 22:21:42 --> Session: Class initialized using 'CodeIgniter\Session\Handlers\FileHandler' driver.
DEBUG - 2025-06-05 22:22:22 --> Session: Class initialized using 'CodeIgniter\Session\Handlers\FileHandler' driver.
DEBUG - 2025-06-05 22:22:24 --> Session: Class initialized using 'CodeIgniter\Session\Handlers\FileHandler' driver.
DEBUG - 2025-06-05 22:22:26 --> Session: Class initialized using 'CodeIgniter\Session\Handlers\FileHandler' driver.
INFO - 2025-06-05 22:22:29 --> CSRF token verified.
DEBUG - 2025-06-05 22:22:29 --> Session: Class initialized using 'CodeIgniter\Session\Handlers\FileHandler' driver.
DEBUG - 2025-06-05 22:22:29 --> RFID yang diterima: 0003041901
DEBUG - 2025-06-05 22:22:29 --> Data User: {"iduser":"2","id_kartu_rfid":"0003041901","nama":"Sinta","email":"sinta@sinamedika.com","password":"07142c5501c3ea09303d899012e2b47d","role":"karyawan","status":"aktif","gender":"perempuan","id_jadwal_shift":"1"}
DEBUG - 2025-06-05 22:22:29 --> Jadwal Shift Data: {"id_jadwal_shift":"1","dari_tanggal":"2025-06-02","sampai_tanggal":"2025-06-30","shift_mulai":"22:22:00","shift_selesai":"22:23:00","jenis_shift":"siang"}
DEBUG - 2025-06-05 22:22:31 --> Session: Class initialized using 'CodeIgniter\Session\Handlers\FileHandler' driver.
DEBUG - 2025-06-05 22:23:45 --> Session: Class initialized using 'CodeIgniter\Session\Handlers\FileHandler' driver.
DEBUG - 2025-06-05 22:23:49 --> Session: Class initialized using 'CodeIgniter\Session\Handlers\FileHandler' driver.
INFO - 2025-06-05 22:23:56 --> CSRF token verified.
DEBUG - 2025-06-05 22:23:56 --> Session: Class initialized using 'CodeIgniter\Session\Handlers\FileHandler' driver.
DEBUG - 2025-06-05 22:23:58 --> Session: Class initialized using 'CodeIgniter\Session\Handlers\FileHandler' driver.
DEBUG - 2025-06-05 22:24:00 --> Session: Class initialized using 'CodeIgniter\Session\Handlers\FileHandler' driver.
DEBUG - 2025-06-05 22:24:02 --> Session: Class initialized using 'CodeIgniter\Session\Handlers\FileHandler' driver.
INFO - 2025-06-05 22:24:11 --> CSRF token verified.
DEBUG - 2025-06-05 22:24:11 --> Session: Class initialized using 'CodeIgniter\Session\Handlers\FileHandler' driver.
DEBUG - 2025-06-05 22:24:11 --> RFID yang diterima: 0003041901
DEBUG - 2025-06-05 22:24:11 --> Data User: {"iduser":"2","id_kartu_rfid":"0003041901","nama":"Sinta","email":"sinta@sinamedika.com","password":"07142c5501c3ea09303d899012e2b47d","role":"karyawan","status":"aktif","gender":"perempuan","id_jadwal_shift":"1"}
DEBUG - 2025-06-05 22:24:11 --> Jadwal Shift Data: {"id_jadwal_shift":"1","dari_tanggal":"2025-06-02","sampai_tanggal":"2025-06-30","shift_mulai":"22:24:00","shift_selesai":"22:25:00","jenis_shift":"siang"}
CRITICAL - 2025-06-05 22:24:37 --> CodeIgniter\Security\Exceptions\SecurityException: The action you requested is not allowed.
[Method: POST, Route: presensi/scan-rfid]
in SYSTEMPATH\Security\Security.php on line 262.
 1 SYSTEMPATH\Security\Security.php(262): CodeIgniter\Security\Exceptions\SecurityException::forDisallowedAction()
 2 SYSTEMPATH\Filters\CSRF.php(52): CodeIgniter\Security\Security->verify(Object(CodeIgniter\HTTP\IncomingRequest))
 3 SYSTEMPATH\Filters\Filters.php(241): CodeIgniter\Filters\CSRF->before(Object(CodeIgniter\HTTP\IncomingRequest), null)
 4 SYSTEMPATH\Filters\Filters.php(221): CodeIgniter\Filters\Filters->runBefore([...])
 5 SYSTEMPATH\CodeIgniter.php(479): CodeIgniter\Filters\Filters->run('presensi/scan-rfid', 'before')
 6 SYSTEMPATH\CodeIgniter.php(354): CodeIgniter\CodeIgniter->handleRequest(null, Object(Config\Cache), false)
 7 SYSTEMPATH\Boot.php(334): CodeIgniter\CodeIgniter->run()
 8 SYSTEMPATH\Boot.php(67): CodeIgniter\Boot::runCodeIgniter(Object(CodeIgniter\CodeIgniter))
 9 FCPATH\index.php(56): CodeIgniter\Boot::bootWeb(Object(Config\Paths))
10 SYSTEMPATH\rewrite.php(44): require_once('C:\\xampp\\htdocs\\end_of_begining_nasi\\apotiknew\\public\\index.php')
DEBUG - 2025-06-05 22:24:41 --> Session: Class initialized using 'CodeIgniter\Session\Handlers\FileHandler' driver.
INFO - 2025-06-05 22:24:44 --> CSRF token verified.
DEBUG - 2025-06-05 22:24:44 --> Session: Class initialized using 'CodeIgniter\Session\Handlers\FileHandler' driver.
DEBUG - 2025-06-05 22:24:44 --> RFID yang diterima: 0003041901
DEBUG - 2025-06-05 22:24:44 --> Data User: {"iduser":"2","id_kartu_rfid":"0003041901","nama":"Sinta","email":"sinta@sinamedika.com","password":"07142c5501c3ea09303d899012e2b47d","role":"karyawan","status":"aktif","gender":"perempuan","id_jadwal_shift":"1"}
DEBUG - 2025-06-05 22:24:44 --> Jadwal Shift Data: {"id_jadwal_shift":"1","dari_tanggal":"2025-06-02","sampai_tanggal":"2025-06-30","shift_mulai":"22:24:00","shift_selesai":"22:25:00","jenis_shift":"siang"}
DEBUG - 2025-06-05 22:24:47 --> Session: Class initialized using 'CodeIgniter\Session\Handlers\FileHandler' driver.
DEBUG - 2025-06-05 22:27:43 --> Session: Class initialized using 'CodeIgniter\Session\Handlers\FileHandler' driver.
DEBUG - 2025-06-05 22:27:45 --> Session: Class initialized using 'CodeIgniter\Session\Handlers\FileHandler' driver.
INFO - 2025-06-05 22:27:49 --> CSRF token verified.
DEBUG - 2025-06-05 22:27:49 --> Session: Class initialized using 'CodeIgniter\Session\Handlers\FileHandler' driver.
DEBUG - 2025-06-05 22:27:49 --> RFID yang diterima: 0003041901
DEBUG - 2025-06-05 22:27:49 --> Data User: {"iduser":"2","id_kartu_rfid":"0003041901","nama":"Sinta","email":"sinta@sinamedika.com","password":"07142c5501c3ea09303d899012e2b47d","role":"karyawan","status":"aktif","gender":"perempuan","id_jadwal_shift":"1"}
DEBUG - 2025-06-05 22:27:49 --> Jadwal Shift Data: {"id_jadwal_shift":"1","dari_tanggal":"2025-06-02","sampai_tanggal":"2025-06-30","shift_mulai":"22:24:00","shift_selesai":"22:25:00","jenis_shift":"siang"}
CRITICAL - 2025-06-05 22:27:51 --> CodeIgniter\Security\Exceptions\SecurityException: The action you requested is not allowed.
[Method: POST, Route: presensi/scan-rfid]
in SYSTEMPATH\Security\Security.php on line 262.
 1 SYSTEMPATH\Security\Security.php(262): CodeIgniter\Security\Exceptions\SecurityException::forDisallowedAction()
 2 SYSTEMPATH\Filters\CSRF.php(52): CodeIgniter\Security\Security->verify(Object(CodeIgniter\HTTP\IncomingRequest))
 3 SYSTEMPATH\Filters\Filters.php(241): CodeIgniter\Filters\CSRF->before(Object(CodeIgniter\HTTP\IncomingRequest), null)
 4 SYSTEMPATH\Filters\Filters.php(221): CodeIgniter\Filters\Filters->runBefore([...])
 5 SYSTEMPATH\CodeIgniter.php(479): CodeIgniter\Filters\Filters->run('presensi/scan-rfid', 'before')
 6 SYSTEMPATH\CodeIgniter.php(354): CodeIgniter\CodeIgniter->handleRequest(null, Object(Config\Cache), false)
 7 SYSTEMPATH\Boot.php(334): CodeIgniter\CodeIgniter->run()
 8 SYSTEMPATH\Boot.php(67): CodeIgniter\Boot::runCodeIgniter(Object(CodeIgniter\CodeIgniter))
 9 FCPATH\index.php(56): CodeIgniter\Boot::bootWeb(Object(Config\Paths))
10 SYSTEMPATH\rewrite.php(44): require_once('C:\\xampp\\htdocs\\end_of_begining_nasi\\apotiknew\\public\\index.php')
CRITICAL - 2025-06-05 22:27:53 --> CodeIgniter\Security\Exceptions\SecurityException: The action you requested is not allowed.
[Method: POST, Route: presensi/scan-rfid]
in SYSTEMPATH\Security\Security.php on line 262.
 1 SYSTEMPATH\Security\Security.php(262): CodeIgniter\Security\Exceptions\SecurityException::forDisallowedAction()
 2 SYSTEMPATH\Filters\CSRF.php(52): CodeIgniter\Security\Security->verify(Object(CodeIgniter\HTTP\IncomingRequest))
 3 SYSTEMPATH\Filters\Filters.php(241): CodeIgniter\Filters\CSRF->before(Object(CodeIgniter\HTTP\IncomingRequest), null)
 4 SYSTEMPATH\Filters\Filters.php(221): CodeIgniter\Filters\Filters->runBefore([...])
 5 SYSTEMPATH\CodeIgniter.php(479): CodeIgniter\Filters\Filters->run('presensi/scan-rfid', 'before')
 6 SYSTEMPATH\CodeIgniter.php(354): CodeIgniter\CodeIgniter->handleRequest(null, Object(Config\Cache), false)
 7 SYSTEMPATH\Boot.php(334): CodeIgniter\CodeIgniter->run()
 8 SYSTEMPATH\Boot.php(67): CodeIgniter\Boot::runCodeIgniter(Object(CodeIgniter\CodeIgniter))
 9 FCPATH\index.php(56): CodeIgniter\Boot::bootWeb(Object(Config\Paths))
10 SYSTEMPATH\rewrite.php(44): require_once('C:\\xampp\\htdocs\\end_of_begining_nasi\\apotiknew\\public\\index.php')
CRITICAL - 2025-06-05 22:27:54 --> CodeIgniter\Security\Exceptions\SecurityException: The action you requested is not allowed.
[Method: POST, Route: presensi/scan-rfid]
in SYSTEMPATH\Security\Security.php on line 262.
 1 SYSTEMPATH\Security\Security.php(262): CodeIgniter\Security\Exceptions\SecurityException::forDisallowedAction()
 2 SYSTEMPATH\Filters\CSRF.php(52): CodeIgniter\Security\Security->verify(Object(CodeIgniter\HTTP\IncomingRequest))
 3 SYSTEMPATH\Filters\Filters.php(241): CodeIgniter\Filters\CSRF->before(Object(CodeIgniter\HTTP\IncomingRequest), null)
 4 SYSTEMPATH\Filters\Filters.php(221): CodeIgniter\Filters\Filters->runBefore([...])
 5 SYSTEMPATH\CodeIgniter.php(479): CodeIgniter\Filters\Filters->run('presensi/scan-rfid', 'before')
 6 SYSTEMPATH\CodeIgniter.php(354): CodeIgniter\CodeIgniter->handleRequest(null, Object(Config\Cache), false)
 7 SYSTEMPATH\Boot.php(334): CodeIgniter\CodeIgniter->run()
 8 SYSTEMPATH\Boot.php(67): CodeIgniter\Boot::runCodeIgniter(Object(CodeIgniter\CodeIgniter))
 9 FCPATH\index.php(56): CodeIgniter\Boot::bootWeb(Object(Config\Paths))
10 SYSTEMPATH\rewrite.php(44): require_once('C:\\xampp\\htdocs\\end_of_begining_nasi\\apotiknew\\public\\index.php')
CRITICAL - 2025-06-05 22:27:55 --> CodeIgniter\Security\Exceptions\SecurityException: The action you requested is not allowed.
[Method: POST, Route: presensi/scan-rfid]
in SYSTEMPATH\Security\Security.php on line 262.
 1 SYSTEMPATH\Security\Security.php(262): CodeIgniter\Security\Exceptions\SecurityException::forDisallowedAction()
 2 SYSTEMPATH\Filters\CSRF.php(52): CodeIgniter\Security\Security->verify(Object(CodeIgniter\HTTP\IncomingRequest))
 3 SYSTEMPATH\Filters\Filters.php(241): CodeIgniter\Filters\CSRF->before(Object(CodeIgniter\HTTP\IncomingRequest), null)
 4 SYSTEMPATH\Filters\Filters.php(221): CodeIgniter\Filters\Filters->runBefore([...])
 5 SYSTEMPATH\CodeIgniter.php(479): CodeIgniter\Filters\Filters->run('presensi/scan-rfid', 'before')
 6 SYSTEMPATH\CodeIgniter.php(354): CodeIgniter\CodeIgniter->handleRequest(null, Object(Config\Cache), false)
 7 SYSTEMPATH\Boot.php(334): CodeIgniter\CodeIgniter->run()
 8 SYSTEMPATH\Boot.php(67): CodeIgniter\Boot::runCodeIgniter(Object(CodeIgniter\CodeIgniter))
 9 FCPATH\index.php(56): CodeIgniter\Boot::bootWeb(Object(Config\Paths))
10 SYSTEMPATH\rewrite.php(44): require_once('C:\\xampp\\htdocs\\end_of_begining_nasi\\apotiknew\\public\\index.php')
CRITICAL - 2025-06-05 22:27:55 --> CodeIgniter\Security\Exceptions\SecurityException: The action you requested is not allowed.
[Method: POST, Route: presensi/scan-rfid]
in SYSTEMPATH\Security\Security.php on line 262.
 1 SYSTEMPATH\Security\Security.php(262): CodeIgniter\Security\Exceptions\SecurityException::forDisallowedAction()
 2 SYSTEMPATH\Filters\CSRF.php(52): CodeIgniter\Security\Security->verify(Object(CodeIgniter\HTTP\IncomingRequest))
 3 SYSTEMPATH\Filters\Filters.php(241): CodeIgniter\Filters\CSRF->before(Object(CodeIgniter\HTTP\IncomingRequest), null)
 4 SYSTEMPATH\Filters\Filters.php(221): CodeIgniter\Filters\Filters->runBefore([...])
 5 SYSTEMPATH\CodeIgniter.php(479): CodeIgniter\Filters\Filters->run('presensi/scan-rfid', 'before')
 6 SYSTEMPATH\CodeIgniter.php(354): CodeIgniter\CodeIgniter->handleRequest(null, Object(Config\Cache), false)
 7 SYSTEMPATH\Boot.php(334): CodeIgniter\CodeIgniter->run()
 8 SYSTEMPATH\Boot.php(67): CodeIgniter\Boot::runCodeIgniter(Object(CodeIgniter\CodeIgniter))
 9 FCPATH\index.php(56): CodeIgniter\Boot::bootWeb(Object(Config\Paths))
10 SYSTEMPATH\rewrite.php(44): require_once('C:\\xampp\\htdocs\\end_of_begining_nasi\\apotiknew\\public\\index.php')
DEBUG - 2025-06-05 22:29:04 --> Session: Class initialized using 'CodeIgniter\Session\Handlers\FileHandler' driver.
DEBUG - 2025-06-05 22:29:05 --> Session: Class initialized using 'CodeIgniter\Session\Handlers\FileHandler' driver.
DEBUG - 2025-06-05 22:29:09 --> Session: Class initialized using 'CodeIgniter\Session\Handlers\FileHandler' driver.
INFO - 2025-06-05 22:29:25 --> CSRF token verified.
DEBUG - 2025-06-05 22:29:25 --> Session: Class initialized using 'CodeIgniter\Session\Handlers\FileHandler' driver.
DEBUG - 2025-06-05 22:29:26 --> Session: Class initialized using 'CodeIgniter\Session\Handlers\FileHandler' driver.
DEBUG - 2025-06-05 22:29:31 --> Session: Class initialized using 'CodeIgniter\Session\Handlers\FileHandler' driver.
DEBUG - 2025-06-05 22:29:33 --> Session: Class initialized using 'CodeIgniter\Session\Handlers\FileHandler' driver.
INFO - 2025-06-05 22:29:36 --> CSRF token verified.
DEBUG - 2025-06-05 22:29:36 --> Session: Class initialized using 'CodeIgniter\Session\Handlers\FileHandler' driver.
DEBUG - 2025-06-05 22:29:36 --> RFID yang diterima: 0002984082
DEBUG - 2025-06-05 22:29:36 --> Data User: {"iduser":"3","id_kartu_rfid":"0002984082","nama":"Lana","email":"lana@sinamedika.com","password":"07142c5501c3ea09303d899012e2b47d","role":"karyawan","status":"aktif","gender":"perempuan","id_jadwal_shift":null}
ERROR - 2025-06-05 22:29:36 --> User Lana belum memiliki jadwal shift
DEBUG - 2025-06-05 22:29:39 --> Session: Class initialized using 'CodeIgniter\Session\Handlers\FileHandler' driver.
DEBUG - 2025-06-05 22:29:41 --> Session: Class initialized using 'CodeIgniter\Session\Handlers\FileHandler' driver.
DEBUG - 2025-06-05 22:29:43 --> Session: Class initialized using 'CodeIgniter\Session\Handlers\FileHandler' driver.
INFO - 2025-06-05 22:29:46 --> CSRF token verified.
DEBUG - 2025-06-05 22:29:46 --> Session: Class initialized using 'CodeIgniter\Session\Handlers\FileHandler' driver.
DEBUG - 2025-06-05 22:29:47 --> Session: Class initialized using 'CodeIgniter\Session\Handlers\FileHandler' driver.
DEBUG - 2025-06-05 22:29:50 --> Session: Class initialized using 'CodeIgniter\Session\Handlers\FileHandler' driver.
DEBUG - 2025-06-05 22:30:07 --> Session: Class initialized using 'CodeIgniter\Session\Handlers\FileHandler' driver.
DEBUG - 2025-06-05 22:30:09 --> Session: Class initialized using 'CodeIgniter\Session\Handlers\FileHandler' driver.
INFO - 2025-06-05 22:30:12 --> CSRF token verified.
DEBUG - 2025-06-05 22:30:12 --> Session: Class initialized using 'CodeIgniter\Session\Handlers\FileHandler' driver.
DEBUG - 2025-06-05 22:30:12 --> RFID yang diterima: 0002984082
DEBUG - 2025-06-05 22:30:12 --> Data User: {"iduser":"3","id_kartu_rfid":"0002984082","nama":"Lana","email":"lana@sinamedika.com","password":"07142c5501c3ea09303d899012e2b47d","role":"karyawan","status":"aktif","gender":"perempuan","id_jadwal_shift":"1"}
DEBUG - 2025-06-05 22:30:12 --> Jadwal Shift Data: {"id_jadwal_shift":"1","dari_tanggal":"2025-06-02","sampai_tanggal":"2025-06-30","shift_mulai":"22:24:00","shift_selesai":"22:25:00","jenis_shift":"siang"}
CRITICAL - 2025-06-05 22:30:14 --> CodeIgniter\Security\Exceptions\SecurityException: The action you requested is not allowed.
[Method: POST, Route: presensi/scan-rfid]
in SYSTEMPATH\Security\Security.php on line 262.
 1 SYSTEMPATH\Security\Security.php(262): CodeIgniter\Security\Exceptions\SecurityException::forDisallowedAction()
 2 SYSTEMPATH\Filters\CSRF.php(52): CodeIgniter\Security\Security->verify(Object(CodeIgniter\HTTP\IncomingRequest))
 3 SYSTEMPATH\Filters\Filters.php(241): CodeIgniter\Filters\CSRF->before(Object(CodeIgniter\HTTP\IncomingRequest), null)
 4 SYSTEMPATH\Filters\Filters.php(221): CodeIgniter\Filters\Filters->runBefore([...])
 5 SYSTEMPATH\CodeIgniter.php(479): CodeIgniter\Filters\Filters->run('presensi/scan-rfid', 'before')
 6 SYSTEMPATH\CodeIgniter.php(354): CodeIgniter\CodeIgniter->handleRequest(null, Object(Config\Cache), false)
 7 SYSTEMPATH\Boot.php(334): CodeIgniter\CodeIgniter->run()
 8 SYSTEMPATH\Boot.php(67): CodeIgniter\Boot::runCodeIgniter(Object(CodeIgniter\CodeIgniter))
 9 FCPATH\index.php(56): CodeIgniter\Boot::bootWeb(Object(Config\Paths))
10 SYSTEMPATH\rewrite.php(44): require_once('C:\\xampp\\htdocs\\end_of_begining_nasi\\apotiknew\\public\\index.php')
DEBUG - 2025-06-05 22:30:33 --> Session: Class initialized using 'CodeIgniter\Session\Handlers\FileHandler' driver.
INFO - 2025-06-05 22:30:37 --> CSRF token verified.
DEBUG - 2025-06-05 22:30:37 --> Session: Class initialized using 'CodeIgniter\Session\Handlers\FileHandler' driver.
DEBUG - 2025-06-05 22:30:37 --> RFID yang diterima: 0003041901
DEBUG - 2025-06-05 22:30:37 --> Data User: {"iduser":"2","id_kartu_rfid":"0003041901","nama":"Sinta","email":"sinta@sinamedika.com","password":"07142c5501c3ea09303d899012e2b47d","role":"karyawan","status":"aktif","gender":"perempuan","id_jadwal_shift":"1"}
DEBUG - 2025-06-05 22:30:37 --> Jadwal Shift Data: {"id_jadwal_shift":"1","dari_tanggal":"2025-06-02","sampai_tanggal":"2025-06-30","shift_mulai":"22:24:00","shift_selesai":"22:25:00","jenis_shift":"siang"}
CRITICAL - 2025-06-05 22:30:39 --> CodeIgniter\Security\Exceptions\SecurityException: The action you requested is not allowed.
[Method: POST, Route: presensi/scan-rfid]
in SYSTEMPATH\Security\Security.php on line 262.
 1 SYSTEMPATH\Security\Security.php(262): CodeIgniter\Security\Exceptions\SecurityException::forDisallowedAction()
 2 SYSTEMPATH\Filters\CSRF.php(52): CodeIgniter\Security\Security->verify(Object(CodeIgniter\HTTP\IncomingRequest))
 3 SYSTEMPATH\Filters\Filters.php(241): CodeIgniter\Filters\CSRF->before(Object(CodeIgniter\HTTP\IncomingRequest), null)
 4 SYSTEMPATH\Filters\Filters.php(221): CodeIgniter\Filters\Filters->runBefore([...])
 5 SYSTEMPATH\CodeIgniter.php(479): CodeIgniter\Filters\Filters->run('presensi/scan-rfid', 'before')
 6 SYSTEMPATH\CodeIgniter.php(354): CodeIgniter\CodeIgniter->handleRequest(null, Object(Config\Cache), false)
 7 SYSTEMPATH\Boot.php(334): CodeIgniter\CodeIgniter->run()
 8 SYSTEMPATH\Boot.php(67): CodeIgniter\Boot::runCodeIgniter(Object(CodeIgniter\CodeIgniter))
 9 FCPATH\index.php(56): CodeIgniter\Boot::bootWeb(Object(Config\Paths))
10 SYSTEMPATH\rewrite.php(44): require_once('C:\\xampp\\htdocs\\end_of_begining_nasi\\apotiknew\\public\\index.php')
DEBUG - 2025-06-05 22:30:41 --> Session: Class initialized using 'CodeIgniter\Session\Handlers\FileHandler' driver.
DEBUG - 2025-06-05 22:34:22 --> Session: Class initialized using 'CodeIgniter\Session\Handlers\FileHandler' driver.
DEBUG - 2025-06-05 22:34:24 --> Session: Class initialized using 'CodeIgniter\Session\Handlers\FileHandler' driver.
INFO - 2025-06-05 22:34:29 --> CSRF token verified.
DEBUG - 2025-06-05 22:34:29 --> Session: Class initialized using 'CodeIgniter\Session\Handlers\FileHandler' driver.
DEBUG - 2025-06-05 22:34:29 --> RFID yang diterima: 0003041901
DEBUG - 2025-06-05 22:34:29 --> Data User: {"iduser":"2","id_kartu_rfid":"0003041901","nama":"Sinta","email":"sinta@sinamedika.com","password":"07142c5501c3ea09303d899012e2b47d","role":"karyawan","status":"aktif","gender":"perempuan","id_jadwal_shift":"1"}
DEBUG - 2025-06-05 22:34:29 --> Jadwal Shift Data: {"id_jadwal_shift":"1","dari_tanggal":"2025-06-02","sampai_tanggal":"2025-06-30","shift_mulai":"22:24:00","shift_selesai":"22:25:00","jenis_shift":"siang"}
CRITICAL - 2025-06-05 22:34:31 --> CodeIgniter\Security\Exceptions\SecurityException: The action you requested is not allowed.
[Method: POST, Route: presensi/scan-rfid]
in SYSTEMPATH\Security\Security.php on line 262.
 1 SYSTEMPATH\Security\Security.php(262): CodeIgniter\Security\Exceptions\SecurityException::forDisallowedAction()
 2 SYSTEMPATH\Filters\CSRF.php(52): CodeIgniter\Security\Security->verify(Object(CodeIgniter\HTTP\IncomingRequest))
 3 SYSTEMPATH\Filters\Filters.php(241): CodeIgniter\Filters\CSRF->before(Object(CodeIgniter\HTTP\IncomingRequest), null)
 4 SYSTEMPATH\Filters\Filters.php(221): CodeIgniter\Filters\Filters->runBefore([...])
 5 SYSTEMPATH\CodeIgniter.php(479): CodeIgniter\Filters\Filters->run('presensi/scan-rfid', 'before')
 6 SYSTEMPATH\CodeIgniter.php(354): CodeIgniter\CodeIgniter->handleRequest(null, Object(Config\Cache), false)
 7 SYSTEMPATH\Boot.php(334): CodeIgniter\CodeIgniter->run()
 8 SYSTEMPATH\Boot.php(67): CodeIgniter\Boot::runCodeIgniter(Object(CodeIgniter\CodeIgniter))
 9 FCPATH\index.php(56): CodeIgniter\Boot::bootWeb(Object(Config\Paths))
10 SYSTEMPATH\rewrite.php(44): require_once('C:\\xampp\\htdocs\\end_of_begining_nasi\\apotiknew\\public\\index.php')
CRITICAL - 2025-06-05 22:34:34 --> CodeIgniter\Security\Exceptions\SecurityException: The action you requested is not allowed.
[Method: POST, Route: presensi/scan-rfid]
in SYSTEMPATH\Security\Security.php on line 262.
 1 SYSTEMPATH\Security\Security.php(262): CodeIgniter\Security\Exceptions\SecurityException::forDisallowedAction()
 2 SYSTEMPATH\Filters\CSRF.php(52): CodeIgniter\Security\Security->verify(Object(CodeIgniter\HTTP\IncomingRequest))
 3 SYSTEMPATH\Filters\Filters.php(241): CodeIgniter\Filters\CSRF->before(Object(CodeIgniter\HTTP\IncomingRequest), null)
 4 SYSTEMPATH\Filters\Filters.php(221): CodeIgniter\Filters\Filters->runBefore([...])
 5 SYSTEMPATH\CodeIgniter.php(479): CodeIgniter\Filters\Filters->run('presensi/scan-rfid', 'before')
 6 SYSTEMPATH\CodeIgniter.php(354): CodeIgniter\CodeIgniter->handleRequest(null, Object(Config\Cache), false)
 7 SYSTEMPATH\Boot.php(334): CodeIgniter\CodeIgniter->run()
 8 SYSTEMPATH\Boot.php(67): CodeIgniter\Boot::runCodeIgniter(Object(CodeIgniter\CodeIgniter))
 9 FCPATH\index.php(56): CodeIgniter\Boot::bootWeb(Object(Config\Paths))
10 SYSTEMPATH\rewrite.php(44): require_once('C:\\xampp\\htdocs\\end_of_begining_nasi\\apotiknew\\public\\index.php')
CRITICAL - 2025-06-05 22:34:36 --> CodeIgniter\Security\Exceptions\SecurityException: The action you requested is not allowed.
[Method: POST, Route: presensi/scan-rfid]
in SYSTEMPATH\Security\Security.php on line 262.
 1 SYSTEMPATH\Security\Security.php(262): CodeIgniter\Security\Exceptions\SecurityException::forDisallowedAction()
 2 SYSTEMPATH\Filters\CSRF.php(52): CodeIgniter\Security\Security->verify(Object(CodeIgniter\HTTP\IncomingRequest))
 3 SYSTEMPATH\Filters\Filters.php(241): CodeIgniter\Filters\CSRF->before(Object(CodeIgniter\HTTP\IncomingRequest), null)
 4 SYSTEMPATH\Filters\Filters.php(221): CodeIgniter\Filters\Filters->runBefore([...])
 5 SYSTEMPATH\CodeIgniter.php(479): CodeIgniter\Filters\Filters->run('presensi/scan-rfid', 'before')
 6 SYSTEMPATH\CodeIgniter.php(354): CodeIgniter\CodeIgniter->handleRequest(null, Object(Config\Cache), false)
 7 SYSTEMPATH\Boot.php(334): CodeIgniter\CodeIgniter->run()
 8 SYSTEMPATH\Boot.php(67): CodeIgniter\Boot::runCodeIgniter(Object(CodeIgniter\CodeIgniter))
 9 FCPATH\index.php(56): CodeIgniter\Boot::bootWeb(Object(Config\Paths))
10 SYSTEMPATH\rewrite.php(44): require_once('C:\\xampp\\htdocs\\end_of_begining_nasi\\apotiknew\\public\\index.php')
CRITICAL - 2025-06-05 22:34:37 --> CodeIgniter\Security\Exceptions\SecurityException: The action you requested is not allowed.
[Method: POST, Route: presensi/scan-rfid]
in SYSTEMPATH\Security\Security.php on line 262.
 1 SYSTEMPATH\Security\Security.php(262): CodeIgniter\Security\Exceptions\SecurityException::forDisallowedAction()
 2 SYSTEMPATH\Filters\CSRF.php(52): CodeIgniter\Security\Security->verify(Object(CodeIgniter\HTTP\IncomingRequest))
 3 SYSTEMPATH\Filters\Filters.php(241): CodeIgniter\Filters\CSRF->before(Object(CodeIgniter\HTTP\IncomingRequest), null)
 4 SYSTEMPATH\Filters\Filters.php(221): CodeIgniter\Filters\Filters->runBefore([...])
 5 SYSTEMPATH\CodeIgniter.php(479): CodeIgniter\Filters\Filters->run('presensi/scan-rfid', 'before')
 6 SYSTEMPATH\CodeIgniter.php(354): CodeIgniter\CodeIgniter->handleRequest(null, Object(Config\Cache), false)
 7 SYSTEMPATH\Boot.php(334): CodeIgniter\CodeIgniter->run()
 8 SYSTEMPATH\Boot.php(67): CodeIgniter\Boot::runCodeIgniter(Object(CodeIgniter\CodeIgniter))
 9 FCPATH\index.php(56): CodeIgniter\Boot::bootWeb(Object(Config\Paths))
10 SYSTEMPATH\rewrite.php(44): require_once('C:\\xampp\\htdocs\\end_of_begining_nasi\\apotiknew\\public\\index.php')
DEBUG - 2025-06-05 22:35:52 --> Session: Class initialized using 'CodeIgniter\Session\Handlers\FileHandler' driver.
INFO - 2025-06-05 22:35:56 --> CSRF token verified.
DEBUG - 2025-06-05 22:35:56 --> Session: Class initialized using 'CodeIgniter\Session\Handlers\FileHandler' driver.
DEBUG - 2025-06-05 22:35:56 --> RFID yang diterima: 0003041901
DEBUG - 2025-06-05 22:35:56 --> Data User: {"iduser":"2","id_kartu_rfid":"0003041901","nama":"Sinta","email":"sinta@sinamedika.com","password":"07142c5501c3ea09303d899012e2b47d","role":"karyawan","status":"aktif","gender":"perempuan","id_jadwal_shift":"1"}
DEBUG - 2025-06-05 22:35:56 --> Jadwal Shift Data: {"id_jadwal_shift":"1","dari_tanggal":"2025-06-02","sampai_tanggal":"2025-06-30","shift_mulai":"22:24:00","shift_selesai":"22:25:00","jenis_shift":"siang"}
CRITICAL - 2025-06-05 22:36:06 --> CodeIgniter\Security\Exceptions\SecurityException: The action you requested is not allowed.
[Method: POST, Route: presensi/scan-rfid]
in SYSTEMPATH\Security\Security.php on line 262.
 1 SYSTEMPATH\Security\Security.php(262): CodeIgniter\Security\Exceptions\SecurityException::forDisallowedAction()
 2 SYSTEMPATH\Filters\CSRF.php(52): CodeIgniter\Security\Security->verify(Object(CodeIgniter\HTTP\IncomingRequest))
 3 SYSTEMPATH\Filters\Filters.php(241): CodeIgniter\Filters\CSRF->before(Object(CodeIgniter\HTTP\IncomingRequest), null)
 4 SYSTEMPATH\Filters\Filters.php(221): CodeIgniter\Filters\Filters->runBefore([...])
 5 SYSTEMPATH\CodeIgniter.php(479): CodeIgniter\Filters\Filters->run('presensi/scan-rfid', 'before')
 6 SYSTEMPATH\CodeIgniter.php(354): CodeIgniter\CodeIgniter->handleRequest(null, Object(Config\Cache), false)
 7 SYSTEMPATH\Boot.php(334): CodeIgniter\CodeIgniter->run()
 8 SYSTEMPATH\Boot.php(67): CodeIgniter\Boot::runCodeIgniter(Object(CodeIgniter\CodeIgniter))
 9 FCPATH\index.php(56): CodeIgniter\Boot::bootWeb(Object(Config\Paths))
10 SYSTEMPATH\rewrite.php(44): require_once('C:\\xampp\\htdocs\\end_of_begining_nasi\\apotiknew\\public\\index.php')
DEBUG - 2025-06-05 22:36:09 --> Session: Class initialized using 'CodeIgniter\Session\Handlers\FileHandler' driver.
INFO - 2025-06-05 22:36:10 --> CSRF token verified.
DEBUG - 2025-06-05 22:36:10 --> Session: Class initialized using 'CodeIgniter\Session\Handlers\FileHandler' driver.
DEBUG - 2025-06-05 22:36:10 --> RFID yang diterima: 0002984082
DEBUG - 2025-06-05 22:36:10 --> Data User: {"iduser":"3","id_kartu_rfid":"0002984082","nama":"Lana","email":"lana@sinamedika.com","password":"07142c5501c3ea09303d899012e2b47d","role":"karyawan","status":"aktif","gender":"perempuan","id_jadwal_shift":"1"}
DEBUG - 2025-06-05 22:36:10 --> Jadwal Shift Data: {"id_jadwal_shift":"1","dari_tanggal":"2025-06-02","sampai_tanggal":"2025-06-30","shift_mulai":"22:24:00","shift_selesai":"22:25:00","jenis_shift":"siang"}
DEBUG - 2025-06-05 22:37:49 --> Session: Class initialized using 'CodeIgniter\Session\Handlers\FileHandler' driver.
INFO - 2025-06-05 22:37:56 --> CSRF token verified.
DEBUG - 2025-06-05 22:37:56 --> Session: Class initialized using 'CodeIgniter\Session\Handlers\FileHandler' driver.
DEBUG - 2025-06-05 22:37:56 --> RFID yang diterima: 0003041901
DEBUG - 2025-06-05 22:37:56 --> Data User: {"iduser":"2","id_kartu_rfid":"0003041901","nama":"Sinta","email":"sinta@sinamedika.com","password":"07142c5501c3ea09303d899012e2b47d","role":"karyawan","status":"aktif","gender":"perempuan","id_jadwal_shift":"1"}
DEBUG - 2025-06-05 22:37:56 --> Jadwal Shift Data: {"id_jadwal_shift":"1","dari_tanggal":"2025-06-02","sampai_tanggal":"2025-06-30","shift_mulai":"22:24:00","shift_selesai":"22:25:00","jenis_shift":"siang"}
DEBUG - 2025-06-05 22:37:58 --> Session: Class initialized using 'CodeIgniter\Session\Handlers\FileHandler' driver.
INFO - 2025-06-05 22:38:02 --> CSRF token verified.
DEBUG - 2025-06-05 22:38:02 --> Session: Class initialized using 'CodeIgniter\Session\Handlers\FileHandler' driver.
DEBUG - 2025-06-05 22:38:02 --> RFID yang diterima: 0002984082
DEBUG - 2025-06-05 22:38:02 --> Data User: {"iduser":"3","id_kartu_rfid":"0002984082","nama":"Lana","email":"lana@sinamedika.com","password":"07142c5501c3ea09303d899012e2b47d","role":"karyawan","status":"aktif","gender":"perempuan","id_jadwal_shift":"1"}
DEBUG - 2025-06-05 22:38:02 --> Jadwal Shift Data: {"id_jadwal_shift":"1","dari_tanggal":"2025-06-02","sampai_tanggal":"2025-06-30","shift_mulai":"22:24:00","shift_selesai":"22:25:00","jenis_shift":"siang"}
DEBUG - 2025-06-05 22:38:05 --> Session: Class initialized using 'CodeIgniter\Session\Handlers\FileHandler' driver.
DEBUG - 2025-06-05 22:39:42 --> Session: Class initialized using 'CodeIgniter\Session\Handlers\FileHandler' driver.
INFO - 2025-06-05 22:39:44 --> CSRF token verified.
DEBUG - 2025-06-05 22:39:44 --> Session: Class initialized using 'CodeIgniter\Session\Handlers\FileHandler' driver.
DEBUG - 2025-06-05 22:39:44 --> RFID yang diterima: 0003041901
DEBUG - 2025-06-05 22:39:44 --> Data User: {"iduser":"2","id_kartu_rfid":"0003041901","nama":"Sinta","email":"sinta@sinamedika.com","password":"07142c5501c3ea09303d899012e2b47d","role":"karyawan","status":"aktif","gender":"perempuan","id_jadwal_shift":"1"}
DEBUG - 2025-06-05 22:39:44 --> Jadwal Shift Data: {"id_jadwal_shift":"1","dari_tanggal":"2025-06-02","sampai_tanggal":"2025-06-30","shift_mulai":"22:24:00","shift_selesai":"22:25:00","jenis_shift":"siang"}
DEBUG - 2025-06-05 22:39:48 --> Session: Class initialized using 'CodeIgniter\Session\Handlers\FileHandler' driver.
INFO - 2025-06-05 22:40:02 --> CSRF token verified.
DEBUG - 2025-06-05 22:40:02 --> Session: Class initialized using 'CodeIgniter\Session\Handlers\FileHandler' driver.
DEBUG - 2025-06-05 22:40:02 --> RFID yang diterima: 0002984082
DEBUG - 2025-06-05 22:40:02 --> Data User: {"iduser":"3","id_kartu_rfid":"0002984082","nama":"Lana","email":"lana@sinamedika.com","password":"07142c5501c3ea09303d899012e2b47d","role":"karyawan","status":"aktif","gender":"perempuan","id_jadwal_shift":"1"}
DEBUG - 2025-06-05 22:40:02 --> Jadwal Shift Data: {"id_jadwal_shift":"1","dari_tanggal":"2025-06-02","sampai_tanggal":"2025-06-30","shift_mulai":"22:24:00","shift_selesai":"22:25:00","jenis_shift":"siang"}
DEBUG - 2025-06-05 22:40:06 --> Session: Class initialized using 'CodeIgniter\Session\Handlers\FileHandler' driver.
DEBUG - 2025-06-05 22:43:21 --> Session: Class initialized using 'CodeIgniter\Session\Handlers\FileHandler' driver.
INFO - 2025-06-05 22:43:24 --> CSRF token verified.
DEBUG - 2025-06-05 22:43:24 --> Session: Class initialized using 'CodeIgniter\Session\Handlers\FileHandler' driver.
DEBUG - 2025-06-05 22:43:24 --> RFID yang diterima: 0003041901
DEBUG - 2025-06-05 22:43:24 --> Data User: {"iduser":"2","id_kartu_rfid":"0003041901","nama":"Sinta","email":"sinta@sinamedika.com","password":"07142c5501c3ea09303d899012e2b47d","role":"karyawan","status":"aktif","gender":"perempuan","id_jadwal_shift":"1"}
DEBUG - 2025-06-05 22:43:24 --> Jadwal Shift Data: {"id_jadwal_shift":"1","dari_tanggal":"2025-06-02","sampai_tanggal":"2025-06-30","shift_mulai":"22:24:00","shift_selesai":"22:25:00","jenis_shift":"siang"}
DEBUG - 2025-06-05 22:43:27 --> Session: Class initialized using 'CodeIgniter\Session\Handlers\FileHandler' driver.
INFO - 2025-06-05 22:43:29 --> CSRF token verified.
DEBUG - 2025-06-05 22:43:29 --> Session: Class initialized using 'CodeIgniter\Session\Handlers\FileHandler' driver.
DEBUG - 2025-06-05 22:43:29 --> RFID yang diterima: 0002984082
DEBUG - 2025-06-05 22:43:29 --> Data User: {"iduser":"3","id_kartu_rfid":"0002984082","nama":"Lana","email":"lana@sinamedika.com","password":"07142c5501c3ea09303d899012e2b47d","role":"karyawan","status":"aktif","gender":"perempuan","id_jadwal_shift":"1"}
DEBUG - 2025-06-05 22:43:29 --> Jadwal Shift Data: {"id_jadwal_shift":"1","dari_tanggal":"2025-06-02","sampai_tanggal":"2025-06-30","shift_mulai":"22:24:00","shift_selesai":"22:25:00","jenis_shift":"siang"}
DEBUG - 2025-06-05 22:43:32 --> Session: Class initialized using 'CodeIgniter\Session\Handlers\FileHandler' driver.
DEBUG - 2025-06-05 22:43:34 --> Session: Class initialized using 'CodeIgniter\Session\Handlers\FileHandler' driver.
DEBUG - 2025-06-05 22:43:42 --> Session: Class initialized using 'CodeIgniter\Session\Handlers\FileHandler' driver.
DEBUG - 2025-06-05 22:43:44 --> Session: Class initialized using 'CodeIgniter\Session\Handlers\FileHandler' driver.
DEBUG - 2025-06-05 22:43:52 --> Session: Class initialized using 'CodeIgniter\Session\Handlers\FileHandler' driver.
DEBUG - 2025-06-05 22:43:54 --> Session: Class initialized using 'CodeIgniter\Session\Handlers\FileHandler' driver.
DEBUG - 2025-06-05 22:43:55 --> Session: Class initialized using 'CodeIgniter\Session\Handlers\FileHandler' driver.
DEBUG - 2025-06-05 22:43:58 --> Session: Class initialized using 'CodeIgniter\Session\Handlers\FileHandler' driver.
DEBUG - 2025-06-05 22:47:33 --> Session: Class initialized using 'CodeIgniter\Session\Handlers\FileHandler' driver.
INFO - 2025-06-05 22:47:39 --> CSRF token verified.
DEBUG - 2025-06-05 22:47:39 --> RFID dari alat: 
DEBUG - 2025-06-05 22:47:49 --> Session: Class initialized using 'CodeIgniter\Session\Handlers\FileHandler' driver.
DEBUG - 2025-06-05 22:47:51 --> Session: Class initialized using 'CodeIgniter\Session\Handlers\FileHandler' driver.
INFO - 2025-06-05 22:47:54 --> CSRF token verified.
DEBUG - 2025-06-05 22:47:54 --> Session: Class initialized using 'CodeIgniter\Session\Handlers\FileHandler' driver.
DEBUG - 2025-06-05 22:47:54 --> RFID yang diterima: 0003041901
DEBUG - 2025-06-05 22:47:54 --> Data User: {"iduser":"2","id_kartu_rfid":"0003041901","nama":"Sinta","email":"sinta@sinamedika.com","password":"07142c5501c3ea09303d899012e2b47d","role":"karyawan","status":"aktif","gender":"perempuan","id_jadwal_shift":"1"}
DEBUG - 2025-06-05 22:47:54 --> Jadwal Shift Data: {"id_jadwal_shift":"1","dari_tanggal":"2025-06-02","sampai_tanggal":"2025-06-30","shift_mulai":"22:24:00","shift_selesai":"22:25:00","jenis_shift":"siang"}
DEBUG - 2025-06-05 22:47:56 --> Session: Class initialized using 'CodeIgniter\Session\Handlers\FileHandler' driver.
DEBUG - 2025-06-05 22:51:05 --> Session: Class initialized using 'CodeIgniter\Session\Handlers\FileHandler' driver.
DEBUG - 2025-06-05 22:51:07 --> Session: Class initialized using 'CodeIgniter\Session\Handlers\FileHandler' driver.
INFO - 2025-06-05 22:51:25 --> CSRF token verified.
DEBUG - 2025-06-05 22:51:25 --> RFID yang diterima: 0002984082
INFO - 2025-06-05 22:51:30 --> CSRF token verified.
DEBUG - 2025-06-05 22:51:30 --> RFID yang diterima: 0003041901
INFO - 2025-06-05 22:51:46 --> CSRF token verified.
DEBUG - 2025-06-05 22:51:46 --> RFID yang diterima: 0002984082
INFO - 2025-06-05 22:52:11 --> CSRF token verified.
DEBUG - 2025-06-05 22:52:11 --> RFID yang diterima: 0003041901
DEBUG - 2025-06-05 22:52:21 --> Session: Class initialized using 'CodeIgniter\Session\Handlers\FileHandler' driver.
INFO - 2025-06-05 22:54:56 --> CSRF token verified.
DEBUG - 2025-06-05 22:54:56 --> RFID yang diterima: 0003041901
INFO - 2025-06-05 22:55:01 --> CSRF token verified.
DEBUG - 2025-06-05 22:55:01 --> RFID yang diterima: 0002984082
INFO - 2025-06-05 22:55:05 --> CSRF token verified.
DEBUG - 2025-06-05 22:55:05 --> RFID yang diterima: 0003041901
INFO - 2025-06-05 22:59:16 --> CSRF token verified.
DEBUG - 2025-06-05 22:59:16 --> RFID yang diterima: 0003041901
INFO - 2025-06-05 22:59:20 --> CSRF token verified.
DEBUG - 2025-06-05 22:59:20 --> RFID yang diterima: 41901
ERROR - 2025-06-05 22:59:20 --> User tidak ditemukan untuk RFID: 41901
CRITICAL - 2025-06-05 22:59:30 --> CodeIgniter\Security\Exceptions\SecurityException: The action you requested is not allowed.
[Method: POST, Route: scan-rfid]
in SYSTEMPATH\Security\Security.php on line 262.
 1 SYSTEMPATH\Security\Security.php(262): CodeIgniter\Security\Exceptions\SecurityException::forDisallowedAction()
 2 SYSTEMPATH\Filters\CSRF.php(52): CodeIgniter\Security\Security->verify(Object(CodeIgniter\HTTP\IncomingRequest))
 3 SYSTEMPATH\Filters\Filters.php(241): CodeIgniter\Filters\CSRF->before(Object(CodeIgniter\HTTP\IncomingRequest), null)
 4 SYSTEMPATH\Filters\Filters.php(221): CodeIgniter\Filters\Filters->runBefore([...])
 5 SYSTEMPATH\CodeIgniter.php(479): CodeIgniter\Filters\Filters->run('scan-rfid', 'before')
 6 SYSTEMPATH\CodeIgniter.php(354): CodeIgniter\CodeIgniter->handleRequest(null, Object(Config\Cache), false)
 7 SYSTEMPATH\Boot.php(334): CodeIgniter\CodeIgniter->run()
 8 SYSTEMPATH\Boot.php(67): CodeIgniter\Boot::runCodeIgniter(Object(CodeIgniter\CodeIgniter))
 9 FCPATH\index.php(56): CodeIgniter\Boot::bootWeb(Object(Config\Paths))
10 SYSTEMPATH\rewrite.php(44): require_once('C:\\xampp\\htdocs\\end_of_begining_nasi\\apotiknew\\public\\index.php')
INFO - 2025-06-05 22:59:37 --> CSRF token verified.
DEBUG - 2025-06-05 22:59:37 --> RFID yang diterima: 0003041901
INFO - 2025-06-05 22:59:44 --> CSRF token verified.
DEBUG - 2025-06-05 22:59:44 --> RFID yang diterima: 0003041901
INFO - 2025-06-05 22:59:50 --> CSRF token verified.
DEBUG - 2025-06-05 22:59:50 --> RFID yang diterima: 0002984082
INFO - 2025-06-05 22:59:55 --> CSRF token verified.
DEBUG - 2025-06-05 22:59:55 --> RFID yang diterima: 0002984082
INFO - 2025-06-05 23:01:15 --> CSRF token verified.
DEBUG - 2025-06-05 23:01:15 --> RFID yang diterima: 0002984082
INFO - 2025-06-05 23:01:19 --> CSRF token verified.
DEBUG - 2025-06-05 23:01:19 --> RFID yang diterima: 0003041901
DEBUG - 2025-06-05 23:01:27 --> Session: Class initialized using 'CodeIgniter\Session\Handlers\FileHandler' driver.
DEBUG - 2025-06-05 23:01:28 --> Session: Class initialized using 'CodeIgniter\Session\Handlers\FileHandler' driver.
DEBUG - 2025-06-05 23:01:30 --> Session: Class initialized using 'CodeIgniter\Session\Handlers\FileHandler' driver.
DEBUG - 2025-06-05 23:01:31 --> Session: Class initialized using 'CodeIgniter\Session\Handlers\FileHandler' driver.
DEBUG - 2025-06-05 23:01:33 --> Session: Class initialized using 'CodeIgniter\Session\Handlers\FileHandler' driver.
DEBUG - 2025-06-05 23:01:41 --> Session: Class initialized using 'CodeIgniter\Session\Handlers\FileHandler' driver.
DEBUG - 2025-06-05 23:14:05 --> Session: Class initialized using 'CodeIgniter\Session\Handlers\FileHandler' driver.
DEBUG - 2025-06-05 23:15:43 --> Session: Class initialized using 'CodeIgniter\Session\Handlers\FileHandler' driver.
DEBUG - 2025-06-05 23:15:55 --> Session: Class initialized using 'CodeIgniter\Session\Handlers\FileHandler' driver.
DEBUG - 2025-06-05 23:16:36 --> Session: Class initialized using 'CodeIgniter\Session\Handlers\FileHandler' driver.
DEBUG - 2025-06-05 23:18:07 --> Session: Class initialized using 'CodeIgniter\Session\Handlers\FileHandler' driver.
DEBUG - 2025-06-05 23:18:17 --> Session: Class initialized using 'CodeIgniter\Session\Handlers\FileHandler' driver.
DEBUG - 2025-06-05 23:18:40 --> Session: Class initialized using 'CodeIgniter\Session\Handlers\FileHandler' driver.
DEBUG - 2025-06-05 23:19:33 --> Session: Class initialized using 'CodeIgniter\Session\Handlers\FileHandler' driver.
DEBUG - 2025-06-05 23:19:40 --> Session: Class initialized using 'CodeIgniter\Session\Handlers\FileHandler' driver.
DEBUG - 2025-06-05 23:19:42 --> Session: Class initialized using 'CodeIgniter\Session\Handlers\FileHandler' driver.
DEBUG - 2025-06-05 23:19:44 --> Session: Class initialized using 'CodeIgniter\Session\Handlers\FileHandler' driver.
DEBUG - 2025-06-05 23:19:46 --> Session: Class initialized using 'CodeIgniter\Session\Handlers\FileHandler' driver.
DEBUG - 2025-06-05 23:19:51 --> Session: Class initialized using 'CodeIgniter\Session\Handlers\FileHandler' driver.
DEBUG - 2025-06-05 23:19:53 --> Session: Class initialized using 'CodeIgniter\Session\Handlers\FileHandler' driver.
DEBUG - 2025-06-05 23:20:01 --> Session: Class initialized using 'CodeIgniter\Session\Handlers\FileHandler' driver.
DEBUG - 2025-06-05 23:20:29 --> Session: Class initialized using 'CodeIgniter\Session\Handlers\FileHandler' driver.
DEBUG - 2025-06-05 23:22:25 --> Session: Class initialized using 'CodeIgniter\Session\Handlers\FileHandler' driver.
DEBUG - 2025-06-05 23:22:38 --> Session: Class initialized using 'CodeIgniter\Session\Handlers\FileHandler' driver.
DEBUG - 2025-06-05 23:22:41 --> Session: Class initialized using 'CodeIgniter\Session\Handlers\FileHandler' driver.
DEBUG - 2025-06-05 23:23:00 --> Session: Class initialized using 'CodeIgniter\Session\Handlers\FileHandler' driver.
DEBUG - 2025-06-05 23:23:01 --> Session: Class initialized using 'CodeIgniter\Session\Handlers\FileHandler' driver.
DEBUG - 2025-06-05 23:23:13 --> Session: Class initialized using 'CodeIgniter\Session\Handlers\FileHandler' driver.
DEBUG - 2025-06-05 23:23:26 --> Session: Class initialized using 'CodeIgniter\Session\Handlers\FileHandler' driver.
DEBUG - 2025-06-05 23:25:14 --> Session: Class initialized using 'CodeIgniter\Session\Handlers\FileHandler' driver.
DEBUG - 2025-06-05 23:25:20 --> Session: Class initialized using 'CodeIgniter\Session\Handlers\FileHandler' driver.
DEBUG - 2025-06-05 23:25:24 --> Session: Class initialized using 'CodeIgniter\Session\Handlers\FileHandler' driver.
DEBUG - 2025-06-05 23:27:39 --> Session: Class initialized using 'CodeIgniter\Session\Handlers\FileHandler' driver.
DEBUG - 2025-06-05 23:27:46 --> Session: Class initialized using 'CodeIgniter\Session\Handlers\FileHandler' driver.
DEBUG - 2025-06-05 23:28:09 --> Session: Class initialized using 'CodeIgniter\Session\Handlers\FileHandler' driver.
DEBUG - 2025-06-05 23:33:09 --> Session: Class initialized using 'CodeIgniter\Session\Handlers\FileHandler' driver.
DEBUG - 2025-06-05 23:33:15 --> Session: Class initialized using 'CodeIgniter\Session\Handlers\FileHandler' driver.
DEBUG - 2025-06-05 23:33:19 --> Session: Class initialized using 'CodeIgniter\Session\Handlers\FileHandler' driver.
DEBUG - 2025-06-05 23:33:25 --> Session: Class initialized using 'CodeIgniter\Session\Handlers\FileHandler' driver.
DEBUG - 2025-06-05 23:35:06 --> Session: Class initialized using 'CodeIgniter\Session\Handlers\FileHandler' driver.
DEBUG - 2025-06-05 23:35:09 --> Session: Class initialized using 'CodeIgniter\Session\Handlers\FileHandler' driver.
DEBUG - 2025-06-05 23:35:21 --> Session: Class initialized using 'CodeIgniter\Session\Handlers\FileHandler' driver.
DEBUG - 2025-06-05 23:36:59 --> Session: Class initialized using 'CodeIgniter\Session\Handlers\FileHandler' driver.
DEBUG - 2025-06-05 23:40:08 --> Session: Class initialized using 'CodeIgniter\Session\Handlers\FileHandler' driver.
DEBUG - 2025-06-05 23:40:17 --> Session: Class initialized using 'CodeIgniter\Session\Handlers\FileHandler' driver.
DEBUG - 2025-06-05 23:40:22 --> Session: Class initialized using 'CodeIgniter\Session\Handlers\FileHandler' driver.
DEBUG - 2025-06-05 23:42:11 --> Session: Class initialized using 'CodeIgniter\Session\Handlers\FileHandler' driver.
DEBUG - 2025-06-05 23:42:13 --> Session: Class initialized using 'CodeIgniter\Session\Handlers\FileHandler' driver.
DEBUG - 2025-06-05 23:42:18 --> Session: Class initialized using 'CodeIgniter\Session\Handlers\FileHandler' driver.
DEBUG - 2025-06-05 23:42:43 --> Session: Class initialized using 'CodeIgniter\Session\Handlers\FileHandler' driver.
DEBUG - 2025-06-05 23:42:59 --> Session: Class initialized using 'CodeIgniter\Session\Handlers\FileHandler' driver.
DEBUG - 2025-06-05 23:46:18 --> Session: Class initialized using 'CodeIgniter\Session\Handlers\FileHandler' driver.
DEBUG - 2025-06-05 23:46:19 --> Session: Class initialized using 'CodeIgniter\Session\Handlers\FileHandler' driver.
