ERROR - 2025-05-09 03:16:25 --> mysqli_sql_exception: Table 'tb_user' already exists in C:\xampp\htdocs\apotik_lagi\system\Database\MySQLi\Connection.php:327
Stack trace:
#0 C:\xampp\htdocs\apotik_lagi\system\Database\MySQLi\Connection.php(327): mysqli->query('CREATE TABLE `t...', 0)
#1 C:\xampp\htdocs\apotik_lagi\system\Database\BaseConnection.php(738): CodeIgniter\Database\MySQLi\Connection->execute('CREATE TABLE `t...')
#2 C:\xampp\htdocs\apotik_lagi\system\Database\BaseConnection.php(652): CodeIgniter\Database\BaseConnection->simpleQuery('CREATE TABLE `t...')
#3 C:\xampp\htdocs\apotik_lagi\system\Database\Forge.php(570): CodeIgniter\Database\BaseConnection->query('CREATE TABLE `t...')
#4 C:\xampp\htdocs\apotik_lagi\app\Database\Migrations\2025-05-09-031528_CreateTbUser.php(41): CodeIgniter\Database\Forge->createTable('tb_user')
#5 C:\xampp\htdocs\apotik_lagi\system\Database\MigrationRunner.php(866): App\Database\Migrations\CreateTbUser->up()
#6 C:\xampp\htdocs\apotik_lagi\system\Database\MigrationRunner.php(182): CodeIgniter\Database\MigrationRunner->migrate('up', Object(stdClass))
#7 C:\xampp\htdocs\apotik_lagi\system\Commands\Database\Migrate.php(85): CodeIgniter\Database\MigrationRunner->latest(NULL)
#8 C:\xampp\htdocs\apotik_lagi\system\CLI\Commands.php(70): CodeIgniter\Commands\Database\Migrate->run(Array)
#9 C:\xampp\htdocs\apotik_lagi\system\CLI\Console.php(48): CodeIgniter\CLI\Commands->run('migrate', Array)
#10 C:\xampp\htdocs\apotik_lagi\system\Boot.php(360): CodeIgniter\CLI\Console->run()
#11 C:\xampp\htdocs\apotik_lagi\system\Boot.php(104): CodeIgniter\Boot::runCommand(Object(CodeIgniter\CLI\Console))
#12 C:\xampp\htdocs\apotik_lagi\spark(84): CodeIgniter\Boot::bootSpark(Object(Config\Paths))
#13 {main}
ERROR - 2025-05-09 03:17:29 --> Error connecting to the database: mysqli_sql_exception: Unknown database 'apotik_test' in C:\xampp\htdocs\apotik_lagi\system\Database\MySQLi\Connection.php:201
Stack trace:
#0 C:\xampp\htdocs\apotik_lagi\system\Database\MySQLi\Connection.php(201): mysqli->real_connect('localhost', 'root', Object(SensitiveParameterValue), 'apotik_test', 3306, '', 0)
#1 C:\xampp\htdocs\apotik_lagi\system\Database\BaseConnection.php(421): CodeIgniter\Database\MySQLi\Connection->connect(false)
#2 C:\xampp\htdocs\apotik_lagi\system\Database\BaseConnection.php(620): CodeIgniter\Database\BaseConnection->initialize()
#3 C:\xampp\htdocs\apotik_lagi\system\Database\BaseConnection.php(1525): CodeIgniter\Database\BaseConnection->query('SHOW TABLES FRO...')
#4 C:\xampp\htdocs\apotik_lagi\system\Database\BaseConnection.php(1545): CodeIgniter\Database\BaseConnection->listTables()
#5 C:\xampp\htdocs\apotik_lagi\system\Database\MigrationRunner.php(758): CodeIgniter\Database\BaseConnection->tableExists('migrations')
#6 C:\xampp\htdocs\apotik_lagi\system\Database\MigrationRunner.php(162): CodeIgniter\Database\MigrationRunner->ensureTable()
#7 C:\xampp\htdocs\apotik_lagi\system\Commands\Database\Migrate.php(85): CodeIgniter\Database\MigrationRunner->latest(NULL)
#8 C:\xampp\htdocs\apotik_lagi\system\CLI\Commands.php(70): CodeIgniter\Commands\Database\Migrate->run(Array)
#9 C:\xampp\htdocs\apotik_lagi\system\CLI\Console.php(48): CodeIgniter\CLI\Commands->run('migrate', Array)
#10 C:\xampp\htdocs\apotik_lagi\system\Boot.php(360): CodeIgniter\CLI\Console->run()
#11 C:\xampp\htdocs\apotik_lagi\system\Boot.php(104): CodeIgniter\Boot::runCommand(Object(CodeIgniter\CLI\Console))
#12 C:\xampp\htdocs\apotik_lagi\spark(84): CodeIgniter\Boot::bootSpark(Object(Config\Paths))
#13 {main}

Next CodeIgniter\Database\Exceptions\DatabaseException: Unknown database 'apotik_test' in C:\xampp\htdocs\apotik_lagi\system\Database\MySQLi\Connection.php:246
Stack trace:
#0 C:\xampp\htdocs\apotik_lagi\system\Database\BaseConnection.php(421): CodeIgniter\Database\MySQLi\Connection->connect(false)
#1 C:\xampp\htdocs\apotik_lagi\system\Database\BaseConnection.php(620): CodeIgniter\Database\BaseConnection->initialize()
#2 C:\xampp\htdocs\apotik_lagi\system\Database\BaseConnection.php(1525): CodeIgniter\Database\BaseConnection->query('SHOW TABLES FRO...')
#3 C:\xampp\htdocs\apotik_lagi\system\Database\BaseConnection.php(1545): CodeIgniter\Database\BaseConnection->listTables()
#4 C:\xampp\htdocs\apotik_lagi\system\Database\MigrationRunner.php(758): CodeIgniter\Database\BaseConnection->tableExists('migrations')
#5 C:\xampp\htdocs\apotik_lagi\system\Database\MigrationRunner.php(162): CodeIgniter\Database\MigrationRunner->ensureTable()
#6 C:\xampp\htdocs\apotik_lagi\system\Commands\Database\Migrate.php(85): CodeIgniter\Database\MigrationRunner->latest(NULL)
#7 C:\xampp\htdocs\apotik_lagi\system\CLI\Commands.php(70): CodeIgniter\Commands\Database\Migrate->run(Array)
#8 C:\xampp\htdocs\apotik_lagi\system\CLI\Console.php(48): CodeIgniter\CLI\Commands->run('migrate', Array)
#9 C:\xampp\htdocs\apotik_lagi\system\Boot.php(360): CodeIgniter\CLI\Console->run()
#10 C:\xampp\htdocs\apotik_lagi\system\Boot.php(104): CodeIgniter\Boot::runCommand(Object(CodeIgniter\CLI\Console))
#11 C:\xampp\htdocs\apotik_lagi\spark(84): CodeIgniter\Boot::bootSpark(Object(Config\Paths))
#12 {main}
CRITICAL - 2025-05-09 03:39:27 --> ErrorException: Namespace declaration statement has to be the very first statement or after any declare call in the script
[Method: GET, Route: auth]
in APPPATH\Controllers\Auth.php on line 4.
 1 [internal function]: CodeIgniter\Debug\Exceptions->shutdownHandler()
CRITICAL - 2025-05-09 03:39:55 --> ErrorException: Namespace declaration statement has to be the very first statement or after any declare call in the script
[Method: GET, Route: auth]
in APPPATH\Controllers\Auth.php on line 4.
 1 [internal function]: CodeIgniter\Debug\Exceptions->shutdownHandler()
DEBUG - 2025-05-09 03:40:28 --> Session: Class initialized using 'CodeIgniter\Session\Handlers\FileHandler' driver.
DEBUG - 2025-05-09 03:41:14 --> Session: Class initialized using 'CodeIgniter\Session\Handlers\FileHandler' driver.
DEBUG - 2025-05-09 03:41:15 --> Session: Class initialized using 'CodeIgniter\Session\Handlers\FileHandler' driver.
ERROR - 2025-05-09 03:41:15 --> mysqli_sql_exception: Table 'apotik_test.tb_presensi' doesn't exist in C:\xampp\htdocs\apotik_lagi\system\Database\MySQLi\Connection.php:327
Stack trace:
#0 C:\xampp\htdocs\apotik_lagi\system\Database\MySQLi\Connection.php(327): mysqli->query('SELECT *\nFROM `...', 0)
#1 C:\xampp\htdocs\apotik_lagi\system\Database\BaseConnection.php(738): CodeIgniter\Database\MySQLi\Connection->execute('SELECT *\nFROM `...')
#2 C:\xampp\htdocs\apotik_lagi\system\Database\BaseConnection.php(652): CodeIgniter\Database\BaseConnection->simpleQuery('SELECT *\nFROM `...')
#3 C:\xampp\htdocs\apotik_lagi\system\Database\BaseBuilder.php(1649): CodeIgniter\Database\BaseConnection->query('SELECT *\nFROM `...', Array, false)
#4 C:\xampp\htdocs\apotik_lagi\system\Model.php(286): CodeIgniter\Database\BaseBuilder->get()
#5 C:\xampp\htdocs\apotik_lagi\system\BaseModel.php(675): CodeIgniter\Model->doFindAll(0, 0)
#6 C:\xampp\htdocs\apotik_lagi\app\Controllers\Presensi.php(24): CodeIgniter\BaseModel->findAll()
#7 C:\xampp\htdocs\apotik_lagi\system\CodeIgniter.php(933): App\Controllers\Presensi->index()
#8 C:\xampp\htdocs\apotik_lagi\system\CodeIgniter.php(507): CodeIgniter\CodeIgniter->runController(Object(App\Controllers\Presensi))
#9 C:\xampp\htdocs\apotik_lagi\system\CodeIgniter.php(354): CodeIgniter\CodeIgniter->handleRequest(NULL, Object(Config\Cache), false)
#10 C:\xampp\htdocs\apotik_lagi\system\Boot.php(334): CodeIgniter\CodeIgniter->run()
#11 C:\xampp\htdocs\apotik_lagi\system\Boot.php(67): CodeIgniter\Boot::runCodeIgniter(Object(CodeIgniter\CodeIgniter))
#12 C:\xampp\htdocs\apotik_lagi\public\index.php(56): CodeIgniter\Boot::bootWeb(Object(Config\Paths))
#13 C:\xampp\htdocs\apotik_lagi\system\rewrite.php(44): require_once('C:\\xampp\\htdocs...')
#14 {main}
CRITICAL - 2025-05-09 03:41:15 --> CodeIgniter\Database\Exceptions\DatabaseException: Table 'apotik_test.tb_presensi' doesn't exist
[Method: GET, Route: presensi]
in SYSTEMPATH\Database\BaseConnection.php on line 692.
 1 SYSTEMPATH\Database\BaseBuilder.php(1649): CodeIgniter\Database\BaseConnection->query('SELECT *
FROM `tb_presensi`', [], false)
 2 SYSTEMPATH\Model.php(286): CodeIgniter\Database\BaseBuilder->get()
 3 SYSTEMPATH\BaseModel.php(675): CodeIgniter\Model->doFindAll(0, 0)
 4 APPPATH\Controllers\Presensi.php(24): CodeIgniter\BaseModel->findAll()
 5 SYSTEMPATH\CodeIgniter.php(933): App\Controllers\Presensi->index()
 6 SYSTEMPATH\CodeIgniter.php(507): CodeIgniter\CodeIgniter->runController(Object(App\Controllers\Presensi))
 7 SYSTEMPATH\CodeIgniter.php(354): CodeIgniter\CodeIgniter->handleRequest(null, Object(Config\Cache), false)
 8 SYSTEMPATH\Boot.php(334): CodeIgniter\CodeIgniter->run()
 9 SYSTEMPATH\Boot.php(67): CodeIgniter\Boot::runCodeIgniter(Object(CodeIgniter\CodeIgniter))
10 FCPATH\index.php(56): CodeIgniter\Boot::bootWeb(Object(Config\Paths))
11 SYSTEMPATH\rewrite.php(44): require_once('C:\\xampp\\htdocs\\apotik_lagi\\public\\index.php')
CRITICAL - 2025-05-09 03:41:15 --> [Caused by] CodeIgniter\Database\Exceptions\DatabaseException: Table 'apotik_test.tb_presensi' doesn't exist
in SYSTEMPATH\Database\MySQLi\Connection.php on line 332.
 1 SYSTEMPATH\Database\BaseConnection.php(738): CodeIgniter\Database\MySQLi\Connection->execute('SELECT *
FROM `tb_presensi`')
 2 SYSTEMPATH\Database\BaseConnection.php(652): CodeIgniter\Database\BaseConnection->simpleQuery('SELECT *
FROM `tb_presensi`')
 3 SYSTEMPATH\Database\BaseBuilder.php(1649): CodeIgniter\Database\BaseConnection->query('SELECT *
FROM `tb_presensi`', [], false)
 4 SYSTEMPATH\Model.php(286): CodeIgniter\Database\BaseBuilder->get()
 5 SYSTEMPATH\BaseModel.php(675): CodeIgniter\Model->doFindAll(0, 0)
 6 APPPATH\Controllers\Presensi.php(24): CodeIgniter\BaseModel->findAll()
 7 SYSTEMPATH\CodeIgniter.php(933): App\Controllers\Presensi->index()
 8 SYSTEMPATH\CodeIgniter.php(507): CodeIgniter\CodeIgniter->runController(Object(App\Controllers\Presensi))
 9 SYSTEMPATH\CodeIgniter.php(354): CodeIgniter\CodeIgniter->handleRequest(null, Object(Config\Cache), false)
10 SYSTEMPATH\Boot.php(334): CodeIgniter\CodeIgniter->run()
11 SYSTEMPATH\Boot.php(67): CodeIgniter\Boot::runCodeIgniter(Object(CodeIgniter\CodeIgniter))
12 FCPATH\index.php(56): CodeIgniter\Boot::bootWeb(Object(Config\Paths))
13 SYSTEMPATH\rewrite.php(44): require_once('C:\\xampp\\htdocs\\apotik_lagi\\public\\index.php')
CRITICAL - 2025-05-09 03:41:15 --> [Caused by] mysqli_sql_exception: Table 'apotik_test.tb_presensi' doesn't exist
in SYSTEMPATH\Database\MySQLi\Connection.php on line 327.
 1 SYSTEMPATH\Database\MySQLi\Connection.php(327): mysqli->query('SELECT *
FROM `tb_presensi`', 0)
 2 SYSTEMPATH\Database\BaseConnection.php(738): CodeIgniter\Database\MySQLi\Connection->execute('SELECT *
FROM `tb_presensi`')
 3 SYSTEMPATH\Database\BaseConnection.php(652): CodeIgniter\Database\BaseConnection->simpleQuery('SELECT *
FROM `tb_presensi`')
 4 SYSTEMPATH\Database\BaseBuilder.php(1649): CodeIgniter\Database\BaseConnection->query('SELECT *
FROM `tb_presensi`', [], false)
 5 SYSTEMPATH\Model.php(286): CodeIgniter\Database\BaseBuilder->get()
 6 SYSTEMPATH\BaseModel.php(675): CodeIgniter\Model->doFindAll(0, 0)
 7 APPPATH\Controllers\Presensi.php(24): CodeIgniter\BaseModel->findAll()
 8 SYSTEMPATH\CodeIgniter.php(933): App\Controllers\Presensi->index()
 9 SYSTEMPATH\CodeIgniter.php(507): CodeIgniter\CodeIgniter->runController(Object(App\Controllers\Presensi))
10 SYSTEMPATH\CodeIgniter.php(354): CodeIgniter\CodeIgniter->handleRequest(null, Object(Config\Cache), false)
11 SYSTEMPATH\Boot.php(334): CodeIgniter\CodeIgniter->run()
12 SYSTEMPATH\Boot.php(67): CodeIgniter\Boot::runCodeIgniter(Object(CodeIgniter\CodeIgniter))
13 FCPATH\index.php(56): CodeIgniter\Boot::bootWeb(Object(Config\Paths))
14 SYSTEMPATH\rewrite.php(44): require_once('C:\\xampp\\htdocs\\apotik_lagi\\public\\index.php')
DEBUG - 2025-05-09 03:43:32 --> Session: Class initialized using 'CodeIgniter\Session\Handlers\FileHandler' driver.
DEBUG - 2025-05-09 03:43:38 --> Session: Class initialized using 'CodeIgniter\Session\Handlers\FileHandler' driver.
DEBUG - 2025-05-09 03:43:43 --> Session: Class initialized using 'CodeIgniter\Session\Handlers\FileHandler' driver.
DEBUG - 2025-05-09 03:43:46 --> Session: Class initialized using 'CodeIgniter\Session\Handlers\FileHandler' driver.
DEBUG - 2025-05-09 03:43:46 --> Session: Class initialized using 'CodeIgniter\Session\Handlers\FileHandler' driver.
DEBUG - 2025-05-09 03:44:08 --> Session: Class initialized using 'CodeIgniter\Session\Handlers\FileHandler' driver.
DEBUG - 2025-05-09 03:44:09 --> Session: Class initialized using 'CodeIgniter\Session\Handlers\FileHandler' driver.
ERROR - 2025-05-09 03:44:21 --> mysqli_sql_exception: Cannot add or update a child row: a foreign key constraint fails (`apotik`.`tb_user`, CONSTRAINT `fk_tb_user_tb_jadwal_shift1` FOREIGN KEY (`tb_jadwal_shift_id_jadwal_shift`) REFERENCES `tb_jadwal_shift` (`id_jadwal_shift`) ON DELETE NO ACTION ON UPDATE NO A) in C:\xampp\htdocs\apotik_lagi\system\Database\MySQLi\Connection.php:327
Stack trace:
#0 C:\xampp\htdocs\apotik_lagi\system\Database\MySQLi\Connection.php(327): mysqli->query('INSERT INTO `tb...', 0)
#1 C:\xampp\htdocs\apotik_lagi\system\Database\BaseConnection.php(738): CodeIgniter\Database\MySQLi\Connection->execute('INSERT INTO `tb...')
#2 C:\xampp\htdocs\apotik_lagi\system\Database\BaseConnection.php(652): CodeIgniter\Database\BaseConnection->simpleQuery('INSERT INTO `tb...')
#3 C:\xampp\htdocs\apotik_lagi\system\Database\BaseBuilder.php(2345): CodeIgniter\Database\BaseConnection->query('INSERT INTO `tb...', Array, false)
#4 C:\xampp\htdocs\apotik_lagi\app\Database\Seeds\UserSeeder.php(20): CodeIgniter\Database\BaseBuilder->insert(Array)
#5 C:\xampp\htdocs\apotik_lagi\system\Database\Seeder.php(147): App\Database\Seeds\UserSeeder->run()
#6 C:\xampp\htdocs\apotik_lagi\system\Commands\Database\Seed.php(79): CodeIgniter\Database\Seeder->call('App\\Database\\Se...')
#7 C:\xampp\htdocs\apotik_lagi\system\CLI\Commands.php(70): CodeIgniter\Commands\Database\Seed->run(Array)
#8 C:\xampp\htdocs\apotik_lagi\system\CLI\Console.php(48): CodeIgniter\CLI\Commands->run('db:seed', Array)
#9 C:\xampp\htdocs\apotik_lagi\system\Boot.php(360): CodeIgniter\CLI\Console->run()
#10 C:\xampp\htdocs\apotik_lagi\system\Boot.php(104): CodeIgniter\Boot::runCommand(Object(CodeIgniter\CLI\Console))
#11 C:\xampp\htdocs\apotik_lagi\spark(84): CodeIgniter\Boot::bootSpark(Object(Config\Paths))
#12 {main}
DEBUG - 2025-05-09 03:50:45 --> Session: Class initialized using 'CodeIgniter\Session\Handlers\FileHandler' driver.
ERROR - 2025-05-09 03:53:21 --> mysqli_sql_exception: Cannot add or update a child row: a foreign key constraint fails (`apotik`.`tb_user`, CONSTRAINT `fk_tb_user_tb_jadwal_shift1` FOREIGN KEY (`tb_jadwal_shift_id_jadwal_shift`) REFERENCES `tb_jadwal_shift` (`id_jadwal_shift`) ON DELETE NO ACTION ON UPDATE NO A) in C:\xampp\htdocs\apotik_lagi\system\Database\MySQLi\Connection.php:327
Stack trace:
#0 C:\xampp\htdocs\apotik_lagi\system\Database\MySQLi\Connection.php(327): mysqli->query('INSERT INTO `tb...', 0)
#1 C:\xampp\htdocs\apotik_lagi\system\Database\BaseConnection.php(738): CodeIgniter\Database\MySQLi\Connection->execute('INSERT INTO `tb...')
#2 C:\xampp\htdocs\apotik_lagi\system\Database\BaseConnection.php(652): CodeIgniter\Database\BaseConnection->simpleQuery('INSERT INTO `tb...')
#3 C:\xampp\htdocs\apotik_lagi\system\Database\BaseBuilder.php(2345): CodeIgniter\Database\BaseConnection->query('INSERT INTO `tb...', Array, false)
#4 C:\xampp\htdocs\apotik_lagi\app\Database\Seeds\UserSeeder.php(20): CodeIgniter\Database\BaseBuilder->insert(Array)
#5 C:\xampp\htdocs\apotik_lagi\system\Database\Seeder.php(147): App\Database\Seeds\UserSeeder->run()
#6 C:\xampp\htdocs\apotik_lagi\system\Commands\Database\Seed.php(79): CodeIgniter\Database\Seeder->call('App\\Database\\Se...')
#7 C:\xampp\htdocs\apotik_lagi\system\CLI\Commands.php(70): CodeIgniter\Commands\Database\Seed->run(Array)
#8 C:\xampp\htdocs\apotik_lagi\system\CLI\Console.php(48): CodeIgniter\CLI\Commands->run('db:seed', Array)
#9 C:\xampp\htdocs\apotik_lagi\system\Boot.php(360): CodeIgniter\CLI\Console->run()
#10 C:\xampp\htdocs\apotik_lagi\system\Boot.php(104): CodeIgniter\Boot::runCommand(Object(CodeIgniter\CLI\Console))
#11 C:\xampp\htdocs\apotik_lagi\spark(84): CodeIgniter\Boot::bootSpark(Object(Config\Paths))
#12 {main}
DEBUG - 2025-05-09 04:00:50 --> Session: Class initialized using 'CodeIgniter\Session\Handlers\FileHandler' driver.
DEBUG - 2025-05-09 04:01:01 --> Session: Class initialized using 'CodeIgniter\Session\Handlers\FileHandler' driver.
DEBUG - 2025-05-09 04:01:01 --> Session: Class initialized using 'CodeIgniter\Session\Handlers\FileHandler' driver.
CRITICAL - 2025-05-09 04:09:18 --> ErrorException: Cannot redeclare App\Controllers\Auth::register()
[Method: GET, Route: logout]
in APPPATH\Controllers\Auth.php on line 47.
 1 [internal function]: CodeIgniter\Debug\Exceptions->shutdownHandler()
DEBUG - 2025-05-09 04:09:48 --> Session: Class initialized using 'CodeIgniter\Session\Handlers\FileHandler' driver.
DEBUG - 2025-05-09 04:09:48 --> Session: Class initialized using 'CodeIgniter\Session\Handlers\FileHandler' driver.
DEBUG - 2025-05-09 04:09:51 --> Session: Class initialized using 'CodeIgniter\Session\Handlers\FileHandler' driver.
DEBUG - 2025-05-09 04:10:49 --> Session: Class initialized using 'CodeIgniter\Session\Handlers\FileHandler' driver.
DEBUG - 2025-05-09 04:10:49 --> Session: Class initialized using 'CodeIgniter\Session\Handlers\FileHandler' driver.
DEBUG - 2025-05-09 04:24:16 --> Session: Class initialized using 'CodeIgniter\Session\Handlers\FileHandler' driver.
DEBUG - 2025-05-09 04:24:39 --> Session: Class initialized using 'CodeIgniter\Session\Handlers\FileHandler' driver.
DEBUG - 2025-05-09 04:24:39 --> Session: Class initialized using 'CodeIgniter\Session\Handlers\FileHandler' driver.
DEBUG - 2025-05-09 04:24:45 --> Session: Class initialized using 'CodeIgniter\Session\Handlers\FileHandler' driver.
DEBUG - 2025-05-09 04:24:47 --> Session: Class initialized using 'CodeIgniter\Session\Handlers\FileHandler' driver.
DEBUG - 2025-05-09 04:24:49 --> Session: Class initialized using 'CodeIgniter\Session\Handlers\FileHandler' driver.
DEBUG - 2025-05-09 04:24:53 --> Session: Class initialized using 'CodeIgniter\Session\Handlers\FileHandler' driver.
DEBUG - 2025-05-09 04:24:55 --> Session: Class initialized using 'CodeIgniter\Session\Handlers\FileHandler' driver.
ERROR - 2025-05-09 04:28:44 --> mysqli_sql_exception: Column 'tb_jadwal_shift_id_jadwal_shift' cannot be null in C:\xampp\htdocs\apotik_lagi\system\Database\MySQLi\Connection.php:327
Stack trace:
#0 C:\xampp\htdocs\apotik_lagi\system\Database\MySQLi\Connection.php(327): mysqli->query('INSERT INTO `tb...', 0)
#1 C:\xampp\htdocs\apotik_lagi\system\Database\BaseConnection.php(738): CodeIgniter\Database\MySQLi\Connection->execute('INSERT INTO `tb...')
#2 C:\xampp\htdocs\apotik_lagi\system\Database\BaseConnection.php(652): CodeIgniter\Database\BaseConnection->simpleQuery('INSERT INTO `tb...')
#3 C:\xampp\htdocs\apotik_lagi\system\Database\BaseBuilder.php(2345): CodeIgniter\Database\BaseConnection->query('INSERT INTO `tb...', Array, false)
#4 C:\xampp\htdocs\apotik_lagi\system\Model.php(394): CodeIgniter\Database\BaseBuilder->insert()
#5 C:\xampp\htdocs\apotik_lagi\system\BaseModel.php(839): CodeIgniter\Model->doInsert(Array)
#6 C:\xampp\htdocs\apotik_lagi\system\Model.php(800): CodeIgniter\BaseModel->insert(Array, true)
#7 C:\xampp\htdocs\apotik_lagi\app\Controllers\Presensi.php(47): CodeIgniter\Model->insert(Array)
#8 C:\xampp\htdocs\apotik_lagi\system\CodeIgniter.php(933): App\Controllers\Presensi->store()
#9 C:\xampp\htdocs\apotik_lagi\system\CodeIgniter.php(507): CodeIgniter\CodeIgniter->runController(Object(App\Controllers\Presensi))
#10 C:\xampp\htdocs\apotik_lagi\system\CodeIgniter.php(354): CodeIgniter\CodeIgniter->handleRequest(NULL, Object(Config\Cache), false)
#11 C:\xampp\htdocs\apotik_lagi\system\Boot.php(334): CodeIgniter\CodeIgniter->run()
#12 C:\xampp\htdocs\apotik_lagi\system\Boot.php(67): CodeIgniter\Boot::runCodeIgniter(Object(CodeIgniter\CodeIgniter))
#13 C:\xampp\htdocs\apotik_lagi\public\index.php(56): CodeIgniter\Boot::bootWeb(Object(Config\Paths))
#14 C:\xampp\htdocs\apotik_lagi\system\rewrite.php(44): require_once('C:\\xampp\\htdocs...')
#15 {main}
CRITICAL - 2025-05-09 04:28:44 --> CodeIgniter\Database\Exceptions\DatabaseException: Column 'tb_jadwal_shift_id_jadwal_shift' cannot be null
[Method: POST, Route: presensi/store]
in SYSTEMPATH\Database\BaseConnection.php on line 692.
 1 SYSTEMPATH\Database\BaseBuilder.php(2345): CodeIgniter\Database\BaseConnection->query('INSERT INTO `tb_presensi` (`tanggal`, `jam_masuk`, `jam_pulang`, `keterangan`, `tb_user_iduser`, `tb_jadwal_shift_id_jadwal_shift`, `dibuat_pada`, `diupdate_pada`) VALUES (:tanggal:, :jam_masuk:, :jam_pulang:, :keterangan:, :tb_user_iduser:, :tb_jadwal_shift_id_jadwal_shift:, :dibuat_pada:, :diupdate_pada:)', [...], false)
 2 SYSTEMPATH\Model.php(394): CodeIgniter\Database\BaseBuilder->insert()
 3 SYSTEMPATH\BaseModel.php(839): CodeIgniter\Model->doInsert([...])
 4 SYSTEMPATH\Model.php(800): CodeIgniter\BaseModel->insert([...], true)
 5 APPPATH\Controllers\Presensi.php(47): CodeIgniter\Model->insert([...])
 6 SYSTEMPATH\CodeIgniter.php(933): App\Controllers\Presensi->store()
 7 SYSTEMPATH\CodeIgniter.php(507): CodeIgniter\CodeIgniter->runController(Object(App\Controllers\Presensi))
 8 SYSTEMPATH\CodeIgniter.php(354): CodeIgniter\CodeIgniter->handleRequest(null, Object(Config\Cache), false)
 9 SYSTEMPATH\Boot.php(334): CodeIgniter\CodeIgniter->run()
10 SYSTEMPATH\Boot.php(67): CodeIgniter\Boot::runCodeIgniter(Object(CodeIgniter\CodeIgniter))
11 FCPATH\index.php(56): CodeIgniter\Boot::bootWeb(Object(Config\Paths))
12 SYSTEMPATH\rewrite.php(44): require_once('C:\\xampp\\htdocs\\apotik_lagi\\public\\index.php')
CRITICAL - 2025-05-09 04:28:44 --> [Caused by] CodeIgniter\Database\Exceptions\DatabaseException: Column 'tb_jadwal_shift_id_jadwal_shift' cannot be null
in SYSTEMPATH\Database\MySQLi\Connection.php on line 332.
 1 SYSTEMPATH\Database\BaseConnection.php(738): CodeIgniter\Database\MySQLi\Connection->execute('INSERT INTO `tb_presensi` (`tanggal`, `jam_masuk`, `jam_pulang`, `keterangan`, `tb_user_iduser`, `tb_jadwal_shift_id_jadwal_shift`, `dibuat_pada`, `diupdate_pada`) VALUES (\'2025-05-14\', \'22:22\', \'22:01\', \'hadir\', \'3\', NULL, \'2025-05-09 04:28:44\', \'2025-05-09 04:28:44\')')
 2 SYSTEMPATH\Database\BaseConnection.php(652): CodeIgniter\Database\BaseConnection->simpleQuery('INSERT INTO `tb_presensi` (`tanggal`, `jam_masuk`, `jam_pulang`, `keterangan`, `tb_user_iduser`, `tb_jadwal_shift_id_jadwal_shift`, `dibuat_pada`, `diupdate_pada`) VALUES (\'2025-05-14\', \'22:22\', \'22:01\', \'hadir\', \'3\', NULL, \'2025-05-09 04:28:44\', \'2025-05-09 04:28:44\')')
 3 SYSTEMPATH\Database\BaseBuilder.php(2345): CodeIgniter\Database\BaseConnection->query('INSERT INTO `tb_presensi` (`tanggal`, `jam_masuk`, `jam_pulang`, `keterangan`, `tb_user_iduser`, `tb_jadwal_shift_id_jadwal_shift`, `dibuat_pada`, `diupdate_pada`) VALUES (:tanggal:, :jam_masuk:, :jam_pulang:, :keterangan:, :tb_user_iduser:, :tb_jadwal_shift_id_jadwal_shift:, :dibuat_pada:, :diupdate_pada:)', [...], false)
 4 SYSTEMPATH\Model.php(394): CodeIgniter\Database\BaseBuilder->insert()
 5 SYSTEMPATH\BaseModel.php(839): CodeIgniter\Model->doInsert([...])
 6 SYSTEMPATH\Model.php(800): CodeIgniter\BaseModel->insert([...], true)
 7 APPPATH\Controllers\Presensi.php(47): CodeIgniter\Model->insert([...])
 8 SYSTEMPATH\CodeIgniter.php(933): App\Controllers\Presensi->store()
 9 SYSTEMPATH\CodeIgniter.php(507): CodeIgniter\CodeIgniter->runController(Object(App\Controllers\Presensi))
10 SYSTEMPATH\CodeIgniter.php(354): CodeIgniter\CodeIgniter->handleRequest(null, Object(Config\Cache), false)
11 SYSTEMPATH\Boot.php(334): CodeIgniter\CodeIgniter->run()
12 SYSTEMPATH\Boot.php(67): CodeIgniter\Boot::runCodeIgniter(Object(CodeIgniter\CodeIgniter))
13 FCPATH\index.php(56): CodeIgniter\Boot::bootWeb(Object(Config\Paths))
14 SYSTEMPATH\rewrite.php(44): require_once('C:\\xampp\\htdocs\\apotik_lagi\\public\\index.php')
CRITICAL - 2025-05-09 04:28:44 --> [Caused by] mysqli_sql_exception: Column 'tb_jadwal_shift_id_jadwal_shift' cannot be null
in SYSTEMPATH\Database\MySQLi\Connection.php on line 327.
 1 SYSTEMPATH\Database\MySQLi\Connection.php(327): mysqli->query('INSERT INTO `tb_presensi` (`tanggal`, `jam_masuk`, `jam_pulang`, `keterangan`, `tb_user_iduser`, `tb_jadwal_shift_id_jadwal_shift`, `dibuat_pada`, `diupdate_pada`) VALUES (\'2025-05-14\', \'22:22\', \'22:01\', \'hadir\', \'3\', NULL, \'2025-05-09 04:28:44\', \'2025-05-09 04:28:44\')', 0)
 2 SYSTEMPATH\Database\BaseConnection.php(738): CodeIgniter\Database\MySQLi\Connection->execute('INSERT INTO `tb_presensi` (`tanggal`, `jam_masuk`, `jam_pulang`, `keterangan`, `tb_user_iduser`, `tb_jadwal_shift_id_jadwal_shift`, `dibuat_pada`, `diupdate_pada`) VALUES (\'2025-05-14\', \'22:22\', \'22:01\', \'hadir\', \'3\', NULL, \'2025-05-09 04:28:44\', \'2025-05-09 04:28:44\')')
 3 SYSTEMPATH\Database\BaseConnection.php(652): CodeIgniter\Database\BaseConnection->simpleQuery('INSERT INTO `tb_presensi` (`tanggal`, `jam_masuk`, `jam_pulang`, `keterangan`, `tb_user_iduser`, `tb_jadwal_shift_id_jadwal_shift`, `dibuat_pada`, `diupdate_pada`) VALUES (\'2025-05-14\', \'22:22\', \'22:01\', \'hadir\', \'3\', NULL, \'2025-05-09 04:28:44\', \'2025-05-09 04:28:44\')')
 4 SYSTEMPATH\Database\BaseBuilder.php(2345): CodeIgniter\Database\BaseConnection->query('INSERT INTO `tb_presensi` (`tanggal`, `jam_masuk`, `jam_pulang`, `keterangan`, `tb_user_iduser`, `tb_jadwal_shift_id_jadwal_shift`, `dibuat_pada`, `diupdate_pada`) VALUES (:tanggal:, :jam_masuk:, :jam_pulang:, :keterangan:, :tb_user_iduser:, :tb_jadwal_shift_id_jadwal_shift:, :dibuat_pada:, :diupdate_pada:)', [...], false)
 5 SYSTEMPATH\Model.php(394): CodeIgniter\Database\BaseBuilder->insert()
 6 SYSTEMPATH\BaseModel.php(839): CodeIgniter\Model->doInsert([...])
 7 SYSTEMPATH\Model.php(800): CodeIgniter\BaseModel->insert([...], true)
 8 APPPATH\Controllers\Presensi.php(47): CodeIgniter\Model->insert([...])
 9 SYSTEMPATH\CodeIgniter.php(933): App\Controllers\Presensi->store()
10 SYSTEMPATH\CodeIgniter.php(507): CodeIgniter\CodeIgniter->runController(Object(App\Controllers\Presensi))
11 SYSTEMPATH\CodeIgniter.php(354): CodeIgniter\CodeIgniter->handleRequest(null, Object(Config\Cache), false)
12 SYSTEMPATH\Boot.php(334): CodeIgniter\CodeIgniter->run()
13 SYSTEMPATH\Boot.php(67): CodeIgniter\Boot::runCodeIgniter(Object(CodeIgniter\CodeIgniter))
14 FCPATH\index.php(56): CodeIgniter\Boot::bootWeb(Object(Config\Paths))
15 SYSTEMPATH\rewrite.php(44): require_once('C:\\xampp\\htdocs\\apotik_lagi\\public\\index.php')
ERROR - 2025-05-09 04:29:04 --> mysqli_sql_exception: Column 'tb_jadwal_shift_id_jadwal_shift' cannot be null in C:\xampp\htdocs\apotik_lagi\system\Database\MySQLi\Connection.php:327
Stack trace:
#0 C:\xampp\htdocs\apotik_lagi\system\Database\MySQLi\Connection.php(327): mysqli->query('INSERT INTO `tb...', 0)
#1 C:\xampp\htdocs\apotik_lagi\system\Database\BaseConnection.php(738): CodeIgniter\Database\MySQLi\Connection->execute('INSERT INTO `tb...')
#2 C:\xampp\htdocs\apotik_lagi\system\Database\BaseConnection.php(652): CodeIgniter\Database\BaseConnection->simpleQuery('INSERT INTO `tb...')
#3 C:\xampp\htdocs\apotik_lagi\system\Database\BaseBuilder.php(2345): CodeIgniter\Database\BaseConnection->query('INSERT INTO `tb...', Array, false)
#4 C:\xampp\htdocs\apotik_lagi\system\Model.php(394): CodeIgniter\Database\BaseBuilder->insert()
#5 C:\xampp\htdocs\apotik_lagi\system\BaseModel.php(839): CodeIgniter\Model->doInsert(Array)
#6 C:\xampp\htdocs\apotik_lagi\system\Model.php(800): CodeIgniter\BaseModel->insert(Array, true)
#7 C:\xampp\htdocs\apotik_lagi\app\Controllers\Presensi.php(47): CodeIgniter\Model->insert(Array)
#8 C:\xampp\htdocs\apotik_lagi\system\CodeIgniter.php(933): App\Controllers\Presensi->store()
#9 C:\xampp\htdocs\apotik_lagi\system\CodeIgniter.php(507): CodeIgniter\CodeIgniter->runController(Object(App\Controllers\Presensi))
#10 C:\xampp\htdocs\apotik_lagi\system\CodeIgniter.php(354): CodeIgniter\CodeIgniter->handleRequest(NULL, Object(Config\Cache), false)
#11 C:\xampp\htdocs\apotik_lagi\system\Boot.php(334): CodeIgniter\CodeIgniter->run()
#12 C:\xampp\htdocs\apotik_lagi\system\Boot.php(67): CodeIgniter\Boot::runCodeIgniter(Object(CodeIgniter\CodeIgniter))
#13 C:\xampp\htdocs\apotik_lagi\public\index.php(56): CodeIgniter\Boot::bootWeb(Object(Config\Paths))
#14 C:\xampp\htdocs\apotik_lagi\system\rewrite.php(44): require_once('C:\\xampp\\htdocs...')
#15 {main}
CRITICAL - 2025-05-09 04:29:04 --> CodeIgniter\Database\Exceptions\DatabaseException: Column 'tb_jadwal_shift_id_jadwal_shift' cannot be null
[Method: POST, Route: presensi/store]
in SYSTEMPATH\Database\BaseConnection.php on line 692.
 1 SYSTEMPATH\Database\BaseBuilder.php(2345): CodeIgniter\Database\BaseConnection->query('INSERT INTO `tb_presensi` (`tanggal`, `jam_masuk`, `jam_pulang`, `keterangan`, `tb_user_iduser`, `tb_jadwal_shift_id_jadwal_shift`, `dibuat_pada`, `diupdate_pada`) VALUES (:tanggal:, :jam_masuk:, :jam_pulang:, :keterangan:, :tb_user_iduser:, :tb_jadwal_shift_id_jadwal_shift:, :dibuat_pada:, :diupdate_pada:)', [...], false)
 2 SYSTEMPATH\Model.php(394): CodeIgniter\Database\BaseBuilder->insert()
 3 SYSTEMPATH\BaseModel.php(839): CodeIgniter\Model->doInsert([...])
 4 SYSTEMPATH\Model.php(800): CodeIgniter\BaseModel->insert([...], true)
 5 APPPATH\Controllers\Presensi.php(47): CodeIgniter\Model->insert([...])
 6 SYSTEMPATH\CodeIgniter.php(933): App\Controllers\Presensi->store()
 7 SYSTEMPATH\CodeIgniter.php(507): CodeIgniter\CodeIgniter->runController(Object(App\Controllers\Presensi))
 8 SYSTEMPATH\CodeIgniter.php(354): CodeIgniter\CodeIgniter->handleRequest(null, Object(Config\Cache), false)
 9 SYSTEMPATH\Boot.php(334): CodeIgniter\CodeIgniter->run()
10 SYSTEMPATH\Boot.php(67): CodeIgniter\Boot::runCodeIgniter(Object(CodeIgniter\CodeIgniter))
11 FCPATH\index.php(56): CodeIgniter\Boot::bootWeb(Object(Config\Paths))
12 SYSTEMPATH\rewrite.php(44): require_once('C:\\xampp\\htdocs\\apotik_lagi\\public\\index.php')
CRITICAL - 2025-05-09 04:29:04 --> [Caused by] CodeIgniter\Database\Exceptions\DatabaseException: Column 'tb_jadwal_shift_id_jadwal_shift' cannot be null
in SYSTEMPATH\Database\MySQLi\Connection.php on line 332.
 1 SYSTEMPATH\Database\BaseConnection.php(738): CodeIgniter\Database\MySQLi\Connection->execute('INSERT INTO `tb_presensi` (`tanggal`, `jam_masuk`, `jam_pulang`, `keterangan`, `tb_user_iduser`, `tb_jadwal_shift_id_jadwal_shift`, `dibuat_pada`, `diupdate_pada`) VALUES (\'2025-05-14\', \'22:22\', \'22:01\', \'hadir\', \'3\', NULL, \'2025-05-09 04:29:04\', \'2025-05-09 04:29:04\')')
 2 SYSTEMPATH\Database\BaseConnection.php(652): CodeIgniter\Database\BaseConnection->simpleQuery('INSERT INTO `tb_presensi` (`tanggal`, `jam_masuk`, `jam_pulang`, `keterangan`, `tb_user_iduser`, `tb_jadwal_shift_id_jadwal_shift`, `dibuat_pada`, `diupdate_pada`) VALUES (\'2025-05-14\', \'22:22\', \'22:01\', \'hadir\', \'3\', NULL, \'2025-05-09 04:29:04\', \'2025-05-09 04:29:04\')')
 3 SYSTEMPATH\Database\BaseBuilder.php(2345): CodeIgniter\Database\BaseConnection->query('INSERT INTO `tb_presensi` (`tanggal`, `jam_masuk`, `jam_pulang`, `keterangan`, `tb_user_iduser`, `tb_jadwal_shift_id_jadwal_shift`, `dibuat_pada`, `diupdate_pada`) VALUES (:tanggal:, :jam_masuk:, :jam_pulang:, :keterangan:, :tb_user_iduser:, :tb_jadwal_shift_id_jadwal_shift:, :dibuat_pada:, :diupdate_pada:)', [...], false)
 4 SYSTEMPATH\Model.php(394): CodeIgniter\Database\BaseBuilder->insert()
 5 SYSTEMPATH\BaseModel.php(839): CodeIgniter\Model->doInsert([...])
 6 SYSTEMPATH\Model.php(800): CodeIgniter\BaseModel->insert([...], true)
 7 APPPATH\Controllers\Presensi.php(47): CodeIgniter\Model->insert([...])
 8 SYSTEMPATH\CodeIgniter.php(933): App\Controllers\Presensi->store()
 9 SYSTEMPATH\CodeIgniter.php(507): CodeIgniter\CodeIgniter->runController(Object(App\Controllers\Presensi))
10 SYSTEMPATH\CodeIgniter.php(354): CodeIgniter\CodeIgniter->handleRequest(null, Object(Config\Cache), false)
11 SYSTEMPATH\Boot.php(334): CodeIgniter\CodeIgniter->run()
12 SYSTEMPATH\Boot.php(67): CodeIgniter\Boot::runCodeIgniter(Object(CodeIgniter\CodeIgniter))
13 FCPATH\index.php(56): CodeIgniter\Boot::bootWeb(Object(Config\Paths))
14 SYSTEMPATH\rewrite.php(44): require_once('C:\\xampp\\htdocs\\apotik_lagi\\public\\index.php')
CRITICAL - 2025-05-09 04:29:04 --> [Caused by] mysqli_sql_exception: Column 'tb_jadwal_shift_id_jadwal_shift' cannot be null
in SYSTEMPATH\Database\MySQLi\Connection.php on line 327.
 1 SYSTEMPATH\Database\MySQLi\Connection.php(327): mysqli->query('INSERT INTO `tb_presensi` (`tanggal`, `jam_masuk`, `jam_pulang`, `keterangan`, `tb_user_iduser`, `tb_jadwal_shift_id_jadwal_shift`, `dibuat_pada`, `diupdate_pada`) VALUES (\'2025-05-14\', \'22:22\', \'22:01\', \'hadir\', \'3\', NULL, \'2025-05-09 04:29:04\', \'2025-05-09 04:29:04\')', 0)
 2 SYSTEMPATH\Database\BaseConnection.php(738): CodeIgniter\Database\MySQLi\Connection->execute('INSERT INTO `tb_presensi` (`tanggal`, `jam_masuk`, `jam_pulang`, `keterangan`, `tb_user_iduser`, `tb_jadwal_shift_id_jadwal_shift`, `dibuat_pada`, `diupdate_pada`) VALUES (\'2025-05-14\', \'22:22\', \'22:01\', \'hadir\', \'3\', NULL, \'2025-05-09 04:29:04\', \'2025-05-09 04:29:04\')')
 3 SYSTEMPATH\Database\BaseConnection.php(652): CodeIgniter\Database\BaseConnection->simpleQuery('INSERT INTO `tb_presensi` (`tanggal`, `jam_masuk`, `jam_pulang`, `keterangan`, `tb_user_iduser`, `tb_jadwal_shift_id_jadwal_shift`, `dibuat_pada`, `diupdate_pada`) VALUES (\'2025-05-14\', \'22:22\', \'22:01\', \'hadir\', \'3\', NULL, \'2025-05-09 04:29:04\', \'2025-05-09 04:29:04\')')
 4 SYSTEMPATH\Database\BaseBuilder.php(2345): CodeIgniter\Database\BaseConnection->query('INSERT INTO `tb_presensi` (`tanggal`, `jam_masuk`, `jam_pulang`, `keterangan`, `tb_user_iduser`, `tb_jadwal_shift_id_jadwal_shift`, `dibuat_pada`, `diupdate_pada`) VALUES (:tanggal:, :jam_masuk:, :jam_pulang:, :keterangan:, :tb_user_iduser:, :tb_jadwal_shift_id_jadwal_shift:, :dibuat_pada:, :diupdate_pada:)', [...], false)
 5 SYSTEMPATH\Model.php(394): CodeIgniter\Database\BaseBuilder->insert()
 6 SYSTEMPATH\BaseModel.php(839): CodeIgniter\Model->doInsert([...])
 7 SYSTEMPATH\Model.php(800): CodeIgniter\BaseModel->insert([...], true)
 8 APPPATH\Controllers\Presensi.php(47): CodeIgniter\Model->insert([...])
 9 SYSTEMPATH\CodeIgniter.php(933): App\Controllers\Presensi->store()
10 SYSTEMPATH\CodeIgniter.php(507): CodeIgniter\CodeIgniter->runController(Object(App\Controllers\Presensi))
11 SYSTEMPATH\CodeIgniter.php(354): CodeIgniter\CodeIgniter->handleRequest(null, Object(Config\Cache), false)
12 SYSTEMPATH\Boot.php(334): CodeIgniter\CodeIgniter->run()
13 SYSTEMPATH\Boot.php(67): CodeIgniter\Boot::runCodeIgniter(Object(CodeIgniter\CodeIgniter))
14 FCPATH\index.php(56): CodeIgniter\Boot::bootWeb(Object(Config\Paths))
15 SYSTEMPATH\rewrite.php(44): require_once('C:\\xampp\\htdocs\\apotik_lagi\\public\\index.php')
DEBUG - 2025-05-09 04:29:17 --> Session: Class initialized using 'CodeIgniter\Session\Handlers\FileHandler' driver.
DEBUG - 2025-05-09 04:29:21 --> Session: Class initialized using 'CodeIgniter\Session\Handlers\FileHandler' driver.
DEBUG - 2025-05-09 04:29:23 --> Session: Class initialized using 'CodeIgniter\Session\Handlers\FileHandler' driver.
ERROR - 2025-05-09 04:29:29 --> mysqli_sql_exception: Cannot delete or update a parent row: a foreign key constraint fails (`apotik`.`tb_user`, CONSTRAINT `fk_tb_user_tb_jadwal_shift1` FOREIGN KEY (`tb_jadwal_shift_id_jadwal_shift`) REFERENCES `tb_jadwal_shift` (`id_jadwal_shift`) ON DELETE NO ACTION ON UPDATE NO A) in C:\xampp\htdocs\apotik_lagi\system\Database\MySQLi\Connection.php:327
Stack trace:
#0 C:\xampp\htdocs\apotik_lagi\system\Database\MySQLi\Connection.php(327): mysqli->query('DELETE FROM `tb...', 0)
#1 C:\xampp\htdocs\apotik_lagi\system\Database\BaseConnection.php(738): CodeIgniter\Database\MySQLi\Connection->execute('DELETE FROM `tb...')
#2 C:\xampp\htdocs\apotik_lagi\system\Database\BaseConnection.php(652): CodeIgniter\Database\BaseConnection->simpleQuery('DELETE FROM `tb...')
#3 C:\xampp\htdocs\apotik_lagi\system\Database\BaseBuilder.php(2848): CodeIgniter\Database\BaseConnection->query('DELETE FROM `tb...', Array, false)
#4 C:\xampp\htdocs\apotik_lagi\system\Model.php(521): CodeIgniter\Database\BaseBuilder->delete()
#5 C:\xampp\htdocs\apotik_lagi\system\BaseModel.php(1157): CodeIgniter\Model->doDelete(Array, false)
#6 C:\xampp\htdocs\apotik_lagi\app\Controllers\JadwalShift.php(66): CodeIgniter\BaseModel->delete(Array)
#7 C:\xampp\htdocs\apotik_lagi\system\CodeIgniter.php(933): App\Controllers\JadwalShift->delete('1')
#8 C:\xampp\htdocs\apotik_lagi\system\CodeIgniter.php(507): CodeIgniter\CodeIgniter->runController(Object(App\Controllers\JadwalShift))
#9 C:\xampp\htdocs\apotik_lagi\system\CodeIgniter.php(354): CodeIgniter\CodeIgniter->handleRequest(NULL, Object(Config\Cache), false)
#10 C:\xampp\htdocs\apotik_lagi\system\Boot.php(334): CodeIgniter\CodeIgniter->run()
#11 C:\xampp\htdocs\apotik_lagi\system\Boot.php(67): CodeIgniter\Boot::runCodeIgniter(Object(CodeIgniter\CodeIgniter))
#12 C:\xampp\htdocs\apotik_lagi\public\index.php(56): CodeIgniter\Boot::bootWeb(Object(Config\Paths))
#13 C:\xampp\htdocs\apotik_lagi\system\rewrite.php(44): require_once('C:\\xampp\\htdocs...')
#14 {main}
CRITICAL - 2025-05-09 04:29:29 --> CodeIgniter\Database\Exceptions\DatabaseException: Cannot delete or update a parent row: a foreign key constraint fails (`apotik`.`tb_user`, CONSTRAINT `fk_tb_user_tb_jadwal_shift1` FOREIGN KEY (`tb_jadwal_shift_id_jadwal_shift`) REFERENCES `tb_jadwal_shift` (`id_jadwal_shift`) ON DELETE NO ACTION ON UPDATE NO A)
[Method: GET, Route: jadwal-shift/delete/1]
in SYSTEMPATH\Database\BaseConnection.php on line 692.
 1 SYSTEMPATH\Database\BaseBuilder.php(2848): CodeIgniter\Database\BaseConnection->query('DELETE FROM `tb_jadwal_shift`
WHERE `id_jadwal_shift` IN :id_jadwal_shift:', [...], false)
 2 SYSTEMPATH\Model.php(521): CodeIgniter\Database\BaseBuilder->delete()
 3 SYSTEMPATH\BaseModel.php(1157): CodeIgniter\Model->doDelete([...], false)
 4 APPPATH\Controllers\JadwalShift.php(66): CodeIgniter\BaseModel->delete([...])
 5 SYSTEMPATH\CodeIgniter.php(933): App\Controllers\JadwalShift->delete('1')
 6 SYSTEMPATH\CodeIgniter.php(507): CodeIgniter\CodeIgniter->runController(Object(App\Controllers\JadwalShift))
 7 SYSTEMPATH\CodeIgniter.php(354): CodeIgniter\CodeIgniter->handleRequest(null, Object(Config\Cache), false)
 8 SYSTEMPATH\Boot.php(334): CodeIgniter\CodeIgniter->run()
 9 SYSTEMPATH\Boot.php(67): CodeIgniter\Boot::runCodeIgniter(Object(CodeIgniter\CodeIgniter))
10 FCPATH\index.php(56): CodeIgniter\Boot::bootWeb(Object(Config\Paths))
11 SYSTEMPATH\rewrite.php(44): require_once('C:\\xampp\\htdocs\\apotik_lagi\\public\\index.php')
CRITICAL - 2025-05-09 04:29:29 --> [Caused by] CodeIgniter\Database\Exceptions\DatabaseException: Cannot delete or update a parent row: a foreign key constraint fails (`apotik`.`tb_user`, CONSTRAINT `fk_tb_user_tb_jadwal_shift1` FOREIGN KEY (`tb_jadwal_shift_id_jadwal_shift`) REFERENCES `tb_jadwal_shift` (`id_jadwal_shift`) ON DELETE NO ACTION ON UPDATE NO A)
in SYSTEMPATH\Database\MySQLi\Connection.php on line 332.
 1 SYSTEMPATH\Database\BaseConnection.php(738): CodeIgniter\Database\MySQLi\Connection->execute('DELETE FROM `tb_jadwal_shift`
WHERE `id_jadwal_shift` IN (\'1\')')
 2 SYSTEMPATH\Database\BaseConnection.php(652): CodeIgniter\Database\BaseConnection->simpleQuery('DELETE FROM `tb_jadwal_shift`
WHERE `id_jadwal_shift` IN (\'1\')')
 3 SYSTEMPATH\Database\BaseBuilder.php(2848): CodeIgniter\Database\BaseConnection->query('DELETE FROM `tb_jadwal_shift`
WHERE `id_jadwal_shift` IN :id_jadwal_shift:', [...], false)
 4 SYSTEMPATH\Model.php(521): CodeIgniter\Database\BaseBuilder->delete()
 5 SYSTEMPATH\BaseModel.php(1157): CodeIgniter\Model->doDelete([...], false)
 6 APPPATH\Controllers\JadwalShift.php(66): CodeIgniter\BaseModel->delete([...])
 7 SYSTEMPATH\CodeIgniter.php(933): App\Controllers\JadwalShift->delete('1')
 8 SYSTEMPATH\CodeIgniter.php(507): CodeIgniter\CodeIgniter->runController(Object(App\Controllers\JadwalShift))
 9 SYSTEMPATH\CodeIgniter.php(354): CodeIgniter\CodeIgniter->handleRequest(null, Object(Config\Cache), false)
10 SYSTEMPATH\Boot.php(334): CodeIgniter\CodeIgniter->run()
11 SYSTEMPATH\Boot.php(67): CodeIgniter\Boot::runCodeIgniter(Object(CodeIgniter\CodeIgniter))
12 FCPATH\index.php(56): CodeIgniter\Boot::bootWeb(Object(Config\Paths))
13 SYSTEMPATH\rewrite.php(44): require_once('C:\\xampp\\htdocs\\apotik_lagi\\public\\index.php')
CRITICAL - 2025-05-09 04:29:29 --> [Caused by] mysqli_sql_exception: Cannot delete or update a parent row: a foreign key constraint fails (`apotik`.`tb_user`, CONSTRAINT `fk_tb_user_tb_jadwal_shift1` FOREIGN KEY (`tb_jadwal_shift_id_jadwal_shift`) REFERENCES `tb_jadwal_shift` (`id_jadwal_shift`) ON DELETE NO ACTION ON UPDATE NO A)
in SYSTEMPATH\Database\MySQLi\Connection.php on line 327.
 1 SYSTEMPATH\Database\MySQLi\Connection.php(327): mysqli->query('DELETE FROM `tb_jadwal_shift`
WHERE `id_jadwal_shift` IN (\'1\')', 0)
 2 SYSTEMPATH\Database\BaseConnection.php(738): CodeIgniter\Database\MySQLi\Connection->execute('DELETE FROM `tb_jadwal_shift`
WHERE `id_jadwal_shift` IN (\'1\')')
 3 SYSTEMPATH\Database\BaseConnection.php(652): CodeIgniter\Database\BaseConnection->simpleQuery('DELETE FROM `tb_jadwal_shift`
WHERE `id_jadwal_shift` IN (\'1\')')
 4 SYSTEMPATH\Database\BaseBuilder.php(2848): CodeIgniter\Database\BaseConnection->query('DELETE FROM `tb_jadwal_shift`
WHERE `id_jadwal_shift` IN :id_jadwal_shift:', [...], false)
 5 SYSTEMPATH\Model.php(521): CodeIgniter\Database\BaseBuilder->delete()
 6 SYSTEMPATH\BaseModel.php(1157): CodeIgniter\Model->doDelete([...], false)
 7 APPPATH\Controllers\JadwalShift.php(66): CodeIgniter\BaseModel->delete([...])
 8 SYSTEMPATH\CodeIgniter.php(933): App\Controllers\JadwalShift->delete('1')
 9 SYSTEMPATH\CodeIgniter.php(507): CodeIgniter\CodeIgniter->runController(Object(App\Controllers\JadwalShift))
10 SYSTEMPATH\CodeIgniter.php(354): CodeIgniter\CodeIgniter->handleRequest(null, Object(Config\Cache), false)
11 SYSTEMPATH\Boot.php(334): CodeIgniter\CodeIgniter->run()
12 SYSTEMPATH\Boot.php(67): CodeIgniter\Boot::runCodeIgniter(Object(CodeIgniter\CodeIgniter))
13 FCPATH\index.php(56): CodeIgniter\Boot::bootWeb(Object(Config\Paths))
14 SYSTEMPATH\rewrite.php(44): require_once('C:\\xampp\\htdocs\\apotik_lagi\\public\\index.php')
DEBUG - 2025-05-09 04:29:37 --> Session: Class initialized using 'CodeIgniter\Session\Handlers\FileHandler' driver.
DEBUG - 2025-05-09 04:31:24 --> Session: Class initialized using 'CodeIgniter\Session\Handlers\FileHandler' driver.
DEBUG - 2025-05-09 04:31:28 --> Session: Class initialized using 'CodeIgniter\Session\Handlers\FileHandler' driver.
DEBUG - 2025-05-09 04:31:30 --> Session: Class initialized using 'CodeIgniter\Session\Handlers\FileHandler' driver.
DEBUG - 2025-05-09 04:33:35 --> Session: Class initialized using 'CodeIgniter\Session\Handlers\FileHandler' driver.
DEBUG - 2025-05-09 04:33:38 --> Session: Class initialized using 'CodeIgniter\Session\Handlers\FileHandler' driver.
DEBUG - 2025-05-09 04:33:40 --> Session: Class initialized using 'CodeIgniter\Session\Handlers\FileHandler' driver.
DEBUG - 2025-05-09 04:33:55 --> Session: Class initialized using 'CodeIgniter\Session\Handlers\FileHandler' driver.
DEBUG - 2025-05-09 04:33:57 --> Session: Class initialized using 'CodeIgniter\Session\Handlers\FileHandler' driver.
DEBUG - 2025-05-09 04:34:00 --> Session: Class initialized using 'CodeIgniter\Session\Handlers\FileHandler' driver.
DEBUG - 2025-05-09 04:34:01 --> Session: Class initialized using 'CodeIgniter\Session\Handlers\FileHandler' driver.
DEBUG - 2025-05-09 04:34:03 --> Session: Class initialized using 'CodeIgniter\Session\Handlers\FileHandler' driver.
DEBUG - 2025-05-09 04:36:36 --> Session: Class initialized using 'CodeIgniter\Session\Handlers\FileHandler' driver.
DEBUG - 2025-05-09 04:36:42 --> Session: Class initialized using 'CodeIgniter\Session\Handlers\FileHandler' driver.
DEBUG - 2025-05-09 04:36:49 --> Session: Class initialized using 'CodeIgniter\Session\Handlers\FileHandler' driver.
DEBUG - 2025-05-09 04:36:49 --> Session: Class initialized using 'CodeIgniter\Session\Handlers\FileHandler' driver.
DEBUG - 2025-05-09 04:36:55 --> Session: Class initialized using 'CodeIgniter\Session\Handlers\FileHandler' driver.
DEBUG - 2025-05-09 04:37:23 --> Session: Class initialized using 'CodeIgniter\Session\Handlers\FileHandler' driver.
DEBUG - 2025-05-09 04:37:24 --> Session: Class initialized using 'CodeIgniter\Session\Handlers\FileHandler' driver.
DEBUG - 2025-05-09 04:37:27 --> Session: Class initialized using 'CodeIgniter\Session\Handlers\FileHandler' driver.
CRITICAL - 2025-05-09 04:37:27 --> ErrorException: Undefined array key "email"
[Method: GET, Route: users]
in APPPATH\Views\users\index.php on line 45.
 1 APPPATH\Views\users\index.php(45): CodeIgniter\Debug\Exceptions->errorHandler(2, 'Undefined array key "email"', 'C:\\xampp\\htdocs\\apotik_lagi\\app\\Views\\users\\index.php', 45)
 2 SYSTEMPATH\View\View.php(224): include('C:\\xampp\\htdocs\\apotik_lagi\\app\\Views\\users\\index.php')
 3 SYSTEMPATH\View\View.php(227): CodeIgniter\View\View->CodeIgniter\View\{closure}()
 4 SYSTEMPATH\Common.php(1173): CodeIgniter\View\View->render('users/index', [], true)
 5 APPPATH\Controllers\Users.php(19): view('users/index', [...])
 6 SYSTEMPATH\CodeIgniter.php(933): App\Controllers\Users->index()
 7 SYSTEMPATH\CodeIgniter.php(507): CodeIgniter\CodeIgniter->runController(Object(App\Controllers\Users))
 8 SYSTEMPATH\CodeIgniter.php(354): CodeIgniter\CodeIgniter->handleRequest(null, Object(Config\Cache), false)
 9 SYSTEMPATH\Boot.php(334): CodeIgniter\CodeIgniter->run()
10 SYSTEMPATH\Boot.php(67): CodeIgniter\Boot::runCodeIgniter(Object(CodeIgniter\CodeIgniter))
11 FCPATH\index.php(56): CodeIgniter\Boot::bootWeb(Object(Config\Paths))
12 SYSTEMPATH\rewrite.php(44): require_once('C:\\xampp\\htdocs\\apotik_lagi\\public\\index.php')
