DEBUG - 2025-05-19 01:25:49 --> Session: Class initialized using 'CodeIgniter\Session\Handlers\FileHandler' driver.
INFO - 2025-05-19 01:25:52 --> CSRF token verified.
DEBUG - 2025-05-19 01:25:52 --> Session: Class initialized using 'CodeIgniter\Session\Handlers\FileHandler' driver.
ERROR - 2025-05-19 01:25:56 --> Error connecting to the database: mysqli_sql_exception: No connection could be made because the target machine actively refused it in C:\laragon\www\apotiknew\system\Database\MySQLi\Connection.php:201
Stack trace:
#0 C:\laragon\www\apotiknew\system\Database\MySQLi\Connection.php(201): mysqli->real_connect('localhost', 'root', Object(SensitiveParameterValue), 'apotik', 3306, '', 0)
#1 C:\laragon\www\apotiknew\system\Database\BaseConnection.php(421): CodeIgniter\Database\MySQLi\Connection->connect(false)
#2 C:\laragon\www\apotiknew\system\Database\BaseConnection.php(620): CodeIgniter\Database\BaseConnection->initialize()
#3 C:\laragon\www\apotiknew\system\Database\BaseBuilder.php(1649): CodeIgniter\Database\BaseConnection->query('SELECT *\nFROM `...', Array, false)
#4 C:\laragon\www\apotiknew\system\Model.php(330): CodeIgniter\Database\BaseBuilder->get()
#5 C:\laragon\www\apotiknew\system\BaseModel.php(713): CodeIgniter\Model->doFirst()
#6 C:\laragon\www\apotiknew\app\Models\UserModel.php(18): CodeIgniter\BaseModel->first()
#7 C:\laragon\www\apotiknew\app\Controllers\Auth.php(26): App\Models\UserModel->verifyPassword('sasa', '12341234')
#8 C:\laragon\www\apotiknew\system\CodeIgniter.php(933): App\Controllers\Auth->login()
#9 C:\laragon\www\apotiknew\system\CodeIgniter.php(507): CodeIgniter\CodeIgniter->runController(Object(App\Controllers\Auth))
#10 C:\laragon\www\apotiknew\system\CodeIgniter.php(354): CodeIgniter\CodeIgniter->handleRequest(NULL, Object(Config\Cache), false)
#11 C:\laragon\www\apotiknew\system\Boot.php(334): CodeIgniter\CodeIgniter->run()
#12 C:\laragon\www\apotiknew\system\Boot.php(67): CodeIgniter\Boot::runCodeIgniter(Object(CodeIgniter\CodeIgniter))
#13 C:\laragon\www\apotiknew\public\index.php(56): CodeIgniter\Boot::bootWeb(Object(Config\Paths))
#14 C:\laragon\www\apotiknew\system\rewrite.php(44): require_once('C:\\laragon\\www\\...')
#15 {main}

Next CodeIgniter\Database\Exceptions\DatabaseException: No connection could be made because the target machine actively refused it in C:\laragon\www\apotiknew\system\Database\MySQLi\Connection.php:246
Stack trace:
#0 C:\laragon\www\apotiknew\system\Database\BaseConnection.php(421): CodeIgniter\Database\MySQLi\Connection->connect(false)
#1 C:\laragon\www\apotiknew\system\Database\BaseConnection.php(620): CodeIgniter\Database\BaseConnection->initialize()
#2 C:\laragon\www\apotiknew\system\Database\BaseBuilder.php(1649): CodeIgniter\Database\BaseConnection->query('SELECT *\nFROM `...', Array, false)
#3 C:\laragon\www\apotiknew\system\Model.php(330): CodeIgniter\Database\BaseBuilder->get()
#4 C:\laragon\www\apotiknew\system\BaseModel.php(713): CodeIgniter\Model->doFirst()
#5 C:\laragon\www\apotiknew\app\Models\UserModel.php(18): CodeIgniter\BaseModel->first()
#6 C:\laragon\www\apotiknew\app\Controllers\Auth.php(26): App\Models\UserModel->verifyPassword('sasa', '12341234')
#7 C:\laragon\www\apotiknew\system\CodeIgniter.php(933): App\Controllers\Auth->login()
#8 C:\laragon\www\apotiknew\system\CodeIgniter.php(507): CodeIgniter\CodeIgniter->runController(Object(App\Controllers\Auth))
#9 C:\laragon\www\apotiknew\system\CodeIgniter.php(354): CodeIgniter\CodeIgniter->handleRequest(NULL, Object(Config\Cache), false)
#10 C:\laragon\www\apotiknew\system\Boot.php(334): CodeIgniter\CodeIgniter->run()
#11 C:\laragon\www\apotiknew\system\Boot.php(67): CodeIgniter\Boot::runCodeIgniter(Object(CodeIgniter\CodeIgniter))
#12 C:\laragon\www\apotiknew\public\index.php(56): CodeIgniter\Boot::bootWeb(Object(Config\Paths))
#13 C:\laragon\www\apotiknew\system\rewrite.php(44): require_once('C:\\laragon\\www\\...')
#14 {main}
CRITICAL - 2025-05-19 01:25:56 --> CodeIgniter\Database\Exceptions\DatabaseException: Unable to connect to the database.
Main connection [MySQLi]: No connection could be made because the target machine actively refused it
[Method: POST, Route: login]
in SYSTEMPATH\Database\BaseConnection.php on line 467.
 1 SYSTEMPATH\Database\BaseConnection.php(620): CodeIgniter\Database\BaseConnection->initialize()
 2 SYSTEMPATH\Database\BaseBuilder.php(1649): CodeIgniter\Database\BaseConnection->query('SELECT *
FROM `tb_user`
WHERE `nama` = :nama:
 LIMIT 1', [...], false)
 3 SYSTEMPATH\Model.php(330): CodeIgniter\Database\BaseBuilder->get()
 4 SYSTEMPATH\BaseModel.php(713): CodeIgniter\Model->doFirst()
 5 APPPATH\Models\UserModel.php(18): CodeIgniter\BaseModel->first()
 6 APPPATH\Controllers\Auth.php(26): App\Models\UserModel->verifyPassword('sasa', '12341234')
 7 SYSTEMPATH\CodeIgniter.php(933): App\Controllers\Auth->login()
 8 SYSTEMPATH\CodeIgniter.php(507): CodeIgniter\CodeIgniter->runController(Object(App\Controllers\Auth))
 9 SYSTEMPATH\CodeIgniter.php(354): CodeIgniter\CodeIgniter->handleRequest(null, Object(Config\Cache), false)
10 SYSTEMPATH\Boot.php(334): CodeIgniter\CodeIgniter->run()
11 SYSTEMPATH\Boot.php(67): CodeIgniter\Boot::runCodeIgniter(Object(CodeIgniter\CodeIgniter))
12 FCPATH\index.php(56): CodeIgniter\Boot::bootWeb(Object(Config\Paths))
13 SYSTEMPATH\rewrite.php(44): require_once('C:\\laragon\\www\\apotiknew\\public\\index.php')
INFO - 2025-05-19 01:26:12 --> CSRF token verified.
DEBUG - 2025-05-19 01:26:12 --> Session: Class initialized using 'CodeIgniter\Session\Handlers\FileHandler' driver.
ERROR - 2025-05-19 01:26:16 --> Error connecting to the database: mysqli_sql_exception: No connection could be made because the target machine actively refused it in C:\laragon\www\apotiknew\system\Database\MySQLi\Connection.php:201
Stack trace:
#0 C:\laragon\www\apotiknew\system\Database\MySQLi\Connection.php(201): mysqli->real_connect('localhost', 'root', Object(SensitiveParameterValue), 'apotik', 3306, '', 0)
#1 C:\laragon\www\apotiknew\system\Database\BaseConnection.php(421): CodeIgniter\Database\MySQLi\Connection->connect(false)
#2 C:\laragon\www\apotiknew\system\Database\BaseConnection.php(620): CodeIgniter\Database\BaseConnection->initialize()
#3 C:\laragon\www\apotiknew\system\Database\BaseBuilder.php(1649): CodeIgniter\Database\BaseConnection->query('SELECT *\nFROM `...', Array, false)
#4 C:\laragon\www\apotiknew\system\Model.php(330): CodeIgniter\Database\BaseBuilder->get()
#5 C:\laragon\www\apotiknew\system\BaseModel.php(713): CodeIgniter\Model->doFirst()
#6 C:\laragon\www\apotiknew\app\Models\UserModel.php(18): CodeIgniter\BaseModel->first()
#7 C:\laragon\www\apotiknew\app\Controllers\Auth.php(26): App\Models\UserModel->verifyPassword('sasa', '12341234')
#8 C:\laragon\www\apotiknew\system\CodeIgniter.php(933): App\Controllers\Auth->login()
#9 C:\laragon\www\apotiknew\system\CodeIgniter.php(507): CodeIgniter\CodeIgniter->runController(Object(App\Controllers\Auth))
#10 C:\laragon\www\apotiknew\system\CodeIgniter.php(354): CodeIgniter\CodeIgniter->handleRequest(NULL, Object(Config\Cache), false)
#11 C:\laragon\www\apotiknew\system\Boot.php(334): CodeIgniter\CodeIgniter->run()
#12 C:\laragon\www\apotiknew\system\Boot.php(67): CodeIgniter\Boot::runCodeIgniter(Object(CodeIgniter\CodeIgniter))
#13 C:\laragon\www\apotiknew\public\index.php(56): CodeIgniter\Boot::bootWeb(Object(Config\Paths))
#14 C:\laragon\www\apotiknew\system\rewrite.php(44): require_once('C:\\laragon\\www\\...')
#15 {main}

Next CodeIgniter\Database\Exceptions\DatabaseException: No connection could be made because the target machine actively refused it in C:\laragon\www\apotiknew\system\Database\MySQLi\Connection.php:246
Stack trace:
#0 C:\laragon\www\apotiknew\system\Database\BaseConnection.php(421): CodeIgniter\Database\MySQLi\Connection->connect(false)
#1 C:\laragon\www\apotiknew\system\Database\BaseConnection.php(620): CodeIgniter\Database\BaseConnection->initialize()
#2 C:\laragon\www\apotiknew\system\Database\BaseBuilder.php(1649): CodeIgniter\Database\BaseConnection->query('SELECT *\nFROM `...', Array, false)
#3 C:\laragon\www\apotiknew\system\Model.php(330): CodeIgniter\Database\BaseBuilder->get()
#4 C:\laragon\www\apotiknew\system\BaseModel.php(713): CodeIgniter\Model->doFirst()
#5 C:\laragon\www\apotiknew\app\Models\UserModel.php(18): CodeIgniter\BaseModel->first()
#6 C:\laragon\www\apotiknew\app\Controllers\Auth.php(26): App\Models\UserModel->verifyPassword('sasa', '12341234')
#7 C:\laragon\www\apotiknew\system\CodeIgniter.php(933): App\Controllers\Auth->login()
#8 C:\laragon\www\apotiknew\system\CodeIgniter.php(507): CodeIgniter\CodeIgniter->runController(Object(App\Controllers\Auth))
#9 C:\laragon\www\apotiknew\system\CodeIgniter.php(354): CodeIgniter\CodeIgniter->handleRequest(NULL, Object(Config\Cache), false)
#10 C:\laragon\www\apotiknew\system\Boot.php(334): CodeIgniter\CodeIgniter->run()
#11 C:\laragon\www\apotiknew\system\Boot.php(67): CodeIgniter\Boot::runCodeIgniter(Object(CodeIgniter\CodeIgniter))
#12 C:\laragon\www\apotiknew\public\index.php(56): CodeIgniter\Boot::bootWeb(Object(Config\Paths))
#13 C:\laragon\www\apotiknew\system\rewrite.php(44): require_once('C:\\laragon\\www\\...')
#14 {main}
CRITICAL - 2025-05-19 01:26:16 --> CodeIgniter\Database\Exceptions\DatabaseException: Unable to connect to the database.
Main connection [MySQLi]: No connection could be made because the target machine actively refused it
[Method: POST, Route: login]
in SYSTEMPATH\Database\BaseConnection.php on line 467.
 1 SYSTEMPATH\Database\BaseConnection.php(620): CodeIgniter\Database\BaseConnection->initialize()
 2 SYSTEMPATH\Database\BaseBuilder.php(1649): CodeIgniter\Database\BaseConnection->query('SELECT *
FROM `tb_user`
WHERE `nama` = :nama:
 LIMIT 1', [...], false)
 3 SYSTEMPATH\Model.php(330): CodeIgniter\Database\BaseBuilder->get()
 4 SYSTEMPATH\BaseModel.php(713): CodeIgniter\Model->doFirst()
 5 APPPATH\Models\UserModel.php(18): CodeIgniter\BaseModel->first()
 6 APPPATH\Controllers\Auth.php(26): App\Models\UserModel->verifyPassword('sasa', '12341234')
 7 SYSTEMPATH\CodeIgniter.php(933): App\Controllers\Auth->login()
 8 SYSTEMPATH\CodeIgniter.php(507): CodeIgniter\CodeIgniter->runController(Object(App\Controllers\Auth))
 9 SYSTEMPATH\CodeIgniter.php(354): CodeIgniter\CodeIgniter->handleRequest(null, Object(Config\Cache), false)
10 SYSTEMPATH\Boot.php(334): CodeIgniter\CodeIgniter->run()
11 SYSTEMPATH\Boot.php(67): CodeIgniter\Boot::runCodeIgniter(Object(CodeIgniter\CodeIgniter))
12 FCPATH\index.php(56): CodeIgniter\Boot::bootWeb(Object(Config\Paths))
13 SYSTEMPATH\rewrite.php(44): require_once('C:\\laragon\\www\\apotiknew\\public\\index.php')
INFO - 2025-05-19 01:26:23 --> CSRF token verified.
DEBUG - 2025-05-19 01:26:23 --> Session: Class initialized using 'CodeIgniter\Session\Handlers\FileHandler' driver.
DEBUG - 2025-05-19 01:26:23 --> Session: Class initialized using 'CodeIgniter\Session\Handlers\FileHandler' driver.
DEBUG - 2025-05-19 01:26:26 --> Session: Class initialized using 'CodeIgniter\Session\Handlers\FileHandler' driver.
DEBUG - 2025-05-19 01:26:28 --> Session: Class initialized using 'CodeIgniter\Session\Handlers\FileHandler' driver.
